<?xml version="1.0" encoding="UTF-8"?>
<!-- Generated by org.testng.reporters.JUnitXMLReporter -->
<testsuite hostname="L-356003396" name="Default test" tests="1" failures="0" timestamp="13 Jul 2020 19:28:13 GMT" time="2.774" errors="0">
  <testcase name="@BeforeSuite beforeSuite" time="0.0" classname="com.test.classes.PaymentTestCase">
    <failure type="java.lang.StackOverflowError">
      <![CDATA[java.lang.StackOverflowError
	at com.sun.proxy.$Proxy7.how(Unknown Source)
	at org.openqa.selenium.support.AbstractFindByBuilder.assertValidFindBy(AbstractFindByBuilder.java:89)
	at org.openqa.selenium.support.FindBy$FindByBuilder.buildIt(FindBy.java:82)
	at org.openqa.selenium.support.pagefactory.Annotations.buildBy(Annotations.java:77)
	at org.openqa.selenium.support.pagefactory.DefaultElementLocator.<init>(DefaultElementLocator.java:58)
	at org.openqa.selenium.support.pagefactory.DefaultElementLocator.<init>(DefaultElementLocator.java:46)
	at org.openqa.selenium.support.pagefactory.DefaultElementLocatorFactory.createLocator(DefaultElementLocatorFactory.java:32)
	at org.openqa.selenium.support.pagefactory.DefaultFieldDecorator.decorate(DefaultFieldDecorator.java:56)
	at org.openqa.selenium.support.PageFactory.proxyFields(PageFactory.java:113)
	at org.openqa.selenium.support.PageFactory.initElements(PageFactory.java:105)
	at org.openqa.selenium.support.PageFactory.initElements(PageFactory.java:92)
	at org.openqa.selenium.support.PageFactory.initElements(PageFactory.java:79)
	at com.page.classes.MakePayment.<init>(MakePayment.java:34)
	at com.setup.utilities.BaseUtils.initBaseUtils(BaseUtils.java:38)
	at com.setup.utilities.BaseUtils.<init>(BaseUtils.java:31)
	at com.page.classes.MakePayment.<init>(MakePayment.java:35)
	at com.setup.utilities.BaseUtils.initBaseUtils(BaseUtils.java:38)
	at com.setup.utilities.BaseUtils.<init>(BaseUtils.java:31)
	at com.page.classes.MakePayment.<init>(MakePayment.java:35)
	at com.setup.utilities.BaseUtils.initBaseUtils(BaseUtils.java:38)
	at com.setup.utilities.BaseUtils.<init>(BaseUtils.java:31)
	at com.page.classes.MakePayment.<init>(MakePayment.java:35)
	at com.setup.utilities.BaseUtils.initBaseUtils(BaseUtils.java:38)
	at com.setup.utilities.BaseUtils.<init>(BaseUtils.java:31)
	at com.page.classes.MakePayment.<init>(MakePayment.java:35)
	at com.setup.utilities.BaseUtils.initBaseUtils(BaseUtils.java:38)
	at com.setup.utilities.BaseUtils.<init>(BaseUtils.java:31)
	at com.page.classes.MakePayment.<init>(MakePayment.java:35)
	at com.setup.utilities.BaseUtils.initBaseUtils(BaseUtils.java:38)
	at com.setup.utilities.BaseUtils.<init>(BaseUtils.java:31)
	at com.page.classes.MakePayment.<init>(MakePayment.java:35)
	at com.setup.utilities.BaseUtils.initBaseUtils(BaseUtils.java:38)
	at com.setup.utilities.BaseUtils.<init>(BaseUtils.java:31)
	at com.page.classes.MakePayment.<init>(MakePayment.java:35)
	at com.setup.utilities.BaseUtils.initBaseUtils(BaseUtils.java:38)
	at com.setup.utilities.BaseUtils.<init>(BaseUtils.java:31)
	at com.page.classes.MakePayment.<init>(MakePayment.java:35)
	at com.setup.utilities.BaseUtils.initBaseUtils(BaseUtils.java:38)
	at com.setup.utilities.BaseUtils.<init>(BaseUtils.java:31)
	at com.page.classes.MakePayment.<init>(MakePayment.java:35)
	at com.setup.utilities.BaseUtils.initBaseUtils(BaseUtils.java:38)
	at com.setup.utilities.BaseUtils.<init>(BaseUtils.java:31)
	at com.page.classes.MakePayment.<init>(MakePayment.java:35)
	at com.setup.utilities.BaseUtils.initBaseUtils(BaseUtils.java:38)
	at com.setup.utilities.BaseUtils.<init>(BaseUtils.java:31)
	at com.page.classes.MakePayment.<init>(MakePayment.java:35)
	at com.setup.utilities.BaseUtils.initBaseUtils(BaseUtils.java:38)
	at com.setup.utilities.BaseUtils.<init>(BaseUtils.java:31)
	at com.page.classes.MakePayment.<init>(MakePayment.java:35)
	at com.setup.utilities.BaseUtils.initBaseUtils(BaseUtils.java:38)
	at com.setup.utilities.BaseUtils.<init>(BaseUtils.java:31)
	at com.page.classes.MakePayment.<init>(MakePayment.java:35)
	at com.setup.utilities.BaseUtils.initBaseUtils(BaseUtils.java:38)
	at com.setup.utilities.BaseUtils.<init>(BaseUtils.java:31)
	at com.page.classes.MakePayment.<init>(MakePayment.java:35)
	at com.setup.utilities.BaseUtils.initBaseUtils(BaseUtils.java:38)
	at com.setup.utilities.BaseUtils.<init>(BaseUtils.java:31)
	at com.page.classes.MakePayment.<init>(MakePayment.java:35)
	at com.setup.utilities.BaseUtils.initBaseUtils(BaseUtils.java:38)
	at com.setup.utilities.BaseUtils.<init>(BaseUtils.java:31)
	at com.page.classes.MakePayment.<init>(MakePayment.java:35)
	at com.setup.utilities.BaseUtils.initBaseUtils(BaseUtils.java:38)
	at com.setup.utilities.BaseUtils.<init>(BaseUtils.java:31)
	at com.page.classes.MakePayment.<init>(MakePayment.java:35)
	at com.setup.utilities.BaseUtils.initBaseUtils(BaseUtils.java:38)
	at com.setup.utilities.BaseUtils.<init>(BaseUtils.java:31)
	at com.page.classes.MakePayment.<init>(MakePayment.java:35)
	at com.setup.utilities.BaseUtils.initBaseUtils(BaseUtils.java:38)
	at com.setup.utilities.BaseUtils.<init>(BaseUtils.java:31)
	at com.page.classes.MakePayment.<init>(MakePayment.java:35)
	at com.setup.utilities.BaseUtils.initBaseUtils(BaseUtils.java:38)
	at com.setup.utilities.BaseUtils.<init>(BaseUtils.java:31)
	at com.page.classes.MakePayment.<init>(MakePayment.java:35)
	at com.setup.utilities.BaseUtils.initBaseUtils(BaseUtils.java:38)
	at com.setup.utilities.BaseUtils.<init>(BaseUtils.java:31)
	at com.page.classes.MakePayment.<init>(MakePayment.java:35)
	at com.setup.utilities.BaseUtils.initBaseUtils(BaseUtils.java:38)
	at com.setup.utilities.BaseUtils.<init>(BaseUtils.java:31)
	at com.page.classes.MakePayment.<init>(MakePayment.java:35)
	at com.setup.utilities.BaseUtils.initBaseUtils(BaseUtils.java:38)
	at com.setup.utilities.BaseUtils.<init>(BaseUtils.java:31)
	at com.page.classes.MakePayment.<init>(MakePayment.java:35)
	at com.setup.utilities.BaseUtils.initBaseUtils(BaseUtils.java:38)
	at com.setup.utilities.BaseUtils.<init>(BaseUtils.java:31)
	at com.page.classes.MakePayment.<init>(MakePayment.java:35)
	at com.setup.utilities.BaseUtils.initBaseUtils(BaseUtils.java:38)
	at com.setup.utilities.BaseUtils.<init>(BaseUtils.java:31)
	at com.page.classes.MakePayment.<init>(MakePayment.java:35)
	at com.setup.utilities.BaseUtils.initBaseUtils(BaseUtils.java:38)
	at com.setup.utilities.BaseUtils.<init>(BaseUtils.java:31)
	at com.page.classes.MakePayment.<init>(MakePayment.java:35)
	at com.setup.utilities.BaseUtils.initBaseUtils(BaseUtils.java:38)
	at com.setup.utilities.BaseUtils.<init>(BaseUtils.java:31)
	at com.page.classes.MakePayment.<init>(MakePayment.java:35)
	at com.setup.utilities.BaseUtils.initBaseUtils(BaseUtils.java:38)
	at com.setup.utilities.BaseUtils.<init>(BaseUtils.java:31)
	at com.page.classes.MakePayment.<init>(MakePayment.java:35)
	at com.setup.utilities.BaseUtils.initBaseUtils(BaseUtils.java:38)
	at com.setup.utilities.BaseUtils.<init>(BaseUtils.java:31)
	at com.page.classes.MakePayment.<init>(MakePayment.java:35)
	at com.setup.utilities.BaseUtils.initBaseUtils(BaseUtils.java:38)
	at com.setup.utilities.BaseUtils.<init>(BaseUtils.java:31)
	at com.page.classes.MakePayment.<init>(MakePayment.java:35)
	at com.setup.utilities.BaseUtils.initBaseUtils(BaseUtils.java:38)
	at com.setup.utilities.BaseUtils.<init>(BaseUtils.java:31)
	at com.page.classes.MakePayment.<init>(MakePayment.java:35)
	at com.setup.utilities.BaseUtils.initBaseUtils(BaseUtils.java:38)
	at com.setup.utilities.BaseUtils.<init>(BaseUtils.java:31)
	at com.page.classes.MakePayment.<init>(MakePayment.java:35)
	at com.setup.utilities.BaseUtils.initBaseUtils(BaseUtils.java:38)
	at com.setup.utilities.BaseUtils.<init>(BaseUtils.java:31)
	at com.page.classes.MakePayment.<init>(MakePayment.java:35)
	at com.setup.utilities.BaseUtils.initBaseUtils(BaseUtils.java:38)
	at com.setup.utilities.BaseUtils.<init>(BaseUtils.java:31)
	at com.page.classes.MakePayment.<init>(MakePayment.java:35)
	at com.setup.utilities.BaseUtils.initBaseUtils(BaseUtils.java:38)
	at com.setup.utilities.BaseUtils.<init>(BaseUtils.java:31)
	at com.page.classes.MakePayment.<init>(MakePayment.java:35)
	at com.setup.utilities.BaseUtils.initBaseUtils(BaseUtils.java:38)
	at com.setup.utilities.BaseUtils.<init>(BaseUtils.java:31)
	at com.page.classes.MakePayment.<init>(MakePayment.java:35)
	at com.setup.utilities.BaseUtils.initBaseUtils(BaseUtils.java:38)
	at com.setup.utilities.BaseUtils.<init>(BaseUtils.java:31)
	at com.page.classes.MakePayment.<init>(MakePayment.java:35)
	at com.setup.utilities.BaseUtils.initBaseUtils(BaseUtils.java:38)
	at com.setup.utilities.BaseUtils.<init>(BaseUtils.java:31)
	at com.page.classes.MakePayment.<init>(MakePayment.java:35)
	at com.setup.utilities.BaseUtils.initBaseUtils(BaseUtils.java:38)
	at com.setup.utilities.BaseUtils.<init>(BaseUtils.java:31)
	at com.page.classes.MakePayment.<init>(MakePayment.java:35)
	at com.setup.utilities.BaseUtils.initBaseUtils(BaseUtils.java:38)
	at com.setup.utilities.BaseUtils.<init>(BaseUtils.java:31)
	at com.page.classes.MakePayment.<init>(MakePayment.java:35)
	at com.setup.utilities.BaseUtils.initBaseUtils(BaseUtils.java:38)
	at com.setup.utilities.BaseUtils.<init>(BaseUtils.java:31)
	at com.page.classes.MakePayment.<init>(MakePayment.java:35)
	at com.setup.utilities.BaseUtils.initBaseUtils(BaseUtils.java:38)
	at com.setup.utilities.BaseUtils.<init>(BaseUtils.java:31)
	at com.page.classes.MakePayment.<init>(MakePayment.java:35)
	at com.setup.utilities.BaseUtils.initBaseUtils(BaseUtils.java:38)
	at com.setup.utilities.BaseUtils.<init>(BaseUtils.java:31)
	at com.page.classes.MakePayment.<init>(MakePayment.java:35)
	at com.setup.utilities.BaseUtils.initBaseUtils(BaseUtils.java:38)
	at com.setup.utilities.BaseUtils.<init>(BaseUtils.java:31)
	at com.page.classes.MakePayment.<init>(MakePayment.java:35)
	at com.setup.utilities.BaseUtils.initBaseUtils(BaseUtils.java:38)
	at com.setup.utilities.BaseUtils.<init>(BaseUtils.java:31)
	at com.page.classes.MakePayment.<init>(MakePayment.java:35)
	at com.setup.utilities.BaseUtils.initBaseUtils(BaseUtils.java:38)
	at com.setup.utilities.BaseUtils.<init>(BaseUtils.java:31)
	at com.page.classes.MakePayment.<init>(MakePayment.java:35)
	at com.setup.utilities.BaseUtils.initBaseUtils(BaseUtils.java:38)
	at com.setup.utilities.BaseUtils.<init>(BaseUtils.java:31)
	at com.page.classes.MakePayment.<init>(MakePayment.java:35)
	at com.setup.utilities.BaseUtils.initBaseUtils(BaseUtils.java:38)
	at com.setup.utilities.BaseUtils.<init>(BaseUtils.java:31)
	at com.page.classes.MakePayment.<init>(MakePayment.java:35)
	at com.setup.utilities.BaseUtils.initBaseUtils(BaseUtils.java:38)
	at com.setup.utilities.BaseUtils.<init>(BaseUtils.java:31)
	at com.page.classes.MakePayment.<init>(MakePayment.java:35)
	at com.setup.utilities.BaseUtils.initBaseUtils(BaseUtils.java:38)
	at com.setup.utilities.BaseUtils.<init>(BaseUtils.java:31)
	at com.page.classes.MakePayment.<init>(MakePayment.java:35)
	at com.setup.utilities.BaseUtils.initBaseUtils(BaseUtils.java:38)
	at com.setup.utilities.BaseUtils.<init>(BaseUtils.java:31)
	at com.page.classes.MakePayment.<init>(MakePayment.java:35)
	at com.setup.utilities.BaseUtils.initBaseUtils(BaseUtils.java:38)
	at com.setup.utilities.BaseUtils.<init>(BaseUtils.java:31)
	at com.page.classes.MakePayment.<init>(MakePayment.java:35)
	at com.setup.utilities.BaseUtils.initBaseUtils(BaseUtils.java:38)
	at com.setup.utilities.BaseUtils.<init>(BaseUtils.java:31)
	at com.page.classes.MakePayment.<init>(MakePayment.java:35)
	at com.setup.utilities.BaseUtils.initBaseUtils(BaseUtils.java:38)
	at com.setup.utilities.BaseUtils.<init>(BaseUtils.java:31)
	at com.page.classes.MakePayment.<init>(MakePayment.java:35)
	at com.setup.utilities.BaseUtils.initBaseUtils(BaseUtils.java:38)
	at com.setup.utilities.BaseUtils.<init>(BaseUtils.java:31)
	at com.page.classes.MakePayment.<init>(MakePayment.java:35)
	at com.setup.utilities.BaseUtils.initBaseUtils(BaseUtils.java:38)
	at com.setup.utilities.BaseUtils.<init>(BaseUtils.java:31)
	at com.page.classes.MakePayment.<init>(MakePayment.java:35)
	at com.setup.utilities.BaseUtils.initBaseUtils(BaseUtils.java:38)
	at com.setup.utilities.BaseUtils.<init>(BaseUtils.java:31)
	at com.page.classes.MakePayment.<init>(MakePayment.java:35)
	at com.setup.utilities.BaseUtils.initBaseUtils(BaseUtils.java:38)
	at com.setup.utilities.BaseUtils.<init>(BaseUtils.java:31)
	at com.page.classes.MakePayment.<init>(MakePayment.java:35)
	at com.setup.utilities.BaseUtils.initBaseUtils(BaseUtils.java:38)
	at com.setup.utilities.BaseUtils.<init>(BaseUtils.java:31)
	at com.page.classes.MakePayment.<init>(MakePayment.java:35)
	at com.setup.utilities.BaseUtils.initBaseUtils(BaseUtils.java:38)
	at com.setup.utilities.BaseUtils.<init>(BaseUtils.java:31)
	at com.page.classes.MakePayment.<init>(MakePayment.java:35)
	at com.setup.utilities.BaseUtils.initBaseUtils(BaseUtils.java:38)
	at com.setup.utilities.BaseUtils.<init>(BaseUtils.java:31)
	at com.page.classes.MakePayment.<init>(MakePayment.java:35)
	at com.setup.utilities.BaseUtils.initBaseUtils(BaseUtils.java:38)
	at com.setup.utilities.BaseUtils.<init>(BaseUtils.java:31)
	at com.page.classes.MakePayment.<init>(MakePayment.java:35)
	at com.setup.utilities.BaseUtils.initBaseUtils(BaseUtils.java:38)
	at com.setup.utilities.BaseUtils.<init>(BaseUtils.java:31)
	at com.page.classes.MakePayment.<init>(MakePayment.java:35)
	at com.setup.utilities.BaseUtils.initBaseUtils(BaseUtils.java:38)
	at com.setup.utilities.BaseUtils.<init>(BaseUtils.java:31)
	at com.page.classes.MakePayment.<init>(MakePayment.java:35)
	at com.setup.utilities.BaseUtils.initBaseUtils(BaseUtils.java:38)
	at com.setup.utilities.BaseUtils.<init>(BaseUtils.java:31)
	at com.page.classes.MakePayment.<init>(MakePayment.java:35)
	at com.setup.utilities.BaseUtils.initBaseUtils(BaseUtils.java:38)
	at com.setup.utilities.BaseUtils.<init>(BaseUtils.java:31)
	at com.page.classes.MakePayment.<init>(MakePayment.java:35)
	at com.setup.utilities.BaseUtils.initBaseUtils(BaseUtils.java:38)
	at com.setup.utilities.BaseUtils.<init>(BaseUtils.java:31)
	at com.page.classes.MakePayment.<init>(MakePayment.java:35)
	at com.setup.utilities.BaseUtils.initBaseUtils(BaseUtils.java:38)
	at com.setup.utilities.BaseUtils.<init>(BaseUtils.java:31)
	at com.page.classes.MakePayment.<init>(MakePayment.java:35)
	at com.setup.utilities.BaseUtils.initBaseUtils(BaseUtils.java:38)
	at com.setup.utilities.BaseUtils.<init>(BaseUtils.java:31)
	at com.page.classes.MakePayment.<init>(MakePayment.java:35)
	at com.setup.utilities.BaseUtils.initBaseUtils(BaseUtils.java:38)
	at com.setup.utilities.BaseUtils.<init>(BaseUtils.java:31)
	at com.page.classes.MakePayment.<init>(MakePayment.java:35)
	at com.setup.utilities.BaseUtils.initBaseUtils(BaseUtils.java:38)
	at com.setup.utilities.BaseUtils.<init>(BaseUtils.java:31)
	at com.page.classes.MakePayment.<init>(MakePayment.java:35)
	at com.setup.utilities.BaseUtils.initBaseUtils(BaseUtils.java:38)
	at com.setup.utilities.BaseUtils.<init>(BaseUtils.java:31)
	at com.page.classes.MakePayment.<init>(MakePayment.java:35)
	at com.setup.utilities.BaseUtils.initBaseUtils(BaseUtils.java:38)
	at com.setup.utilities.BaseUtils.<init>(BaseUtils.java:31)
	at com.page.classes.MakePayment.<init>(MakePayment.java:35)
	at com.setup.utilities.BaseUtils.initBaseUtils(BaseUtils.java:38)
	at com.setup.utilities.BaseUtils.<init>(BaseUtils.java:31)
	at com.page.classes.MakePayment.<init>(MakePayment.java:35)
	at com.setup.utilities.BaseUtils.initBaseUtils(BaseUtils.java:38)
	at com.setup.utilities.BaseUtils.<init>(BaseUtils.java:31)
	at com.page.classes.MakePayment.<init>(MakePayment.java:35)
	at com.setup.utilities.BaseUtils.initBaseUtils(BaseUtils.java:38)
	at com.setup.utilities.BaseUtils.<init>(BaseUtils.java:31)
	at com.page.classes.MakePayment.<init>(MakePayment.java:35)
	at com.setup.utilities.BaseUtils.initBaseUtils(BaseUtils.java:38)
	at com.setup.utilities.BaseUtils.<init>(BaseUtils.java:31)
	at com.page.classes.MakePayment.<init>(MakePayment.java:35)
	at com.setup.utilities.BaseUtils.initBaseUtils(BaseUtils.java:38)
	at com.setup.utilities.BaseUtils.<init>(BaseUtils.java:31)
	at com.page.classes.MakePayment.<init>(MakePayment.java:35)
	at com.setup.utilities.BaseUtils.initBaseUtils(BaseUtils.java:38)
	at com.setup.utilities.BaseUtils.<init>(BaseUtils.java:31)
	at com.page.classes.MakePayment.<init>(MakePayment.java:35)
	at com.setup.utilities.BaseUtils.initBaseUtils(BaseUtils.java:38)
	at com.setup.utilities.BaseUtils.<init>(BaseUtils.java:31)
	at com.page.classes.MakePayment.<init>(MakePayment.java:35)
	at com.setup.utilities.BaseUtils.initBaseUtils(BaseUtils.java:38)
	at com.setup.utilities.BaseUtils.<init>(BaseUtils.java:31)
	at com.page.classes.MakePayment.<init>(MakePayment.java:35)
	at com.setup.utilities.BaseUtils.initBaseUtils(BaseUtils.java:38)
	at com.setup.utilities.BaseUtils.<init>(BaseUtils.java:31)
	at com.page.classes.MakePayment.<init>(MakePayment.java:35)
	at com.setup.utilities.BaseUtils.initBaseUtils(BaseUtils.java:38)
	at com.setup.utilities.BaseUtils.<init>(BaseUtils.java:31)
	at com.page.classes.MakePayment.<init>(MakePayment.java:35)
	at com.setup.utilities.BaseUtils.initBaseUtils(BaseUtils.java:38)
	at com.setup.utilities.BaseUtils.<init>(BaseUtils.java:31)
	at com.page.classes.MakePayment.<init>(MakePayment.java:35)
	at com.setup.utilities.BaseUtils.initBaseUtils(BaseUtils.java:38)
	at com.setup.utilities.BaseUtils.<init>(BaseUtils.java:31)
	at com.page.classes.MakePayment.<init>(MakePayment.java:35)
	at com.setup.utilities.BaseUtils.initBaseUtils(BaseUtils.java:38)
	at com.setup.utilities.BaseUtils.<init>(BaseUtils.java:31)
	at com.page.classes.MakePayment.<init>(MakePayment.java:35)
	at com.setup.utilities.BaseUtils.initBaseUtils(BaseUtils.java:38)
	at com.setup.utilities.BaseUtils.<init>(BaseUtils.java:31)
	at com.page.classes.MakePayment.<init>(MakePayment.java:35)
	at com.setup.utilities.BaseUtils.initBaseUtils(BaseUtils.java:38)
	at com.setup.utilities.BaseUtils.<init>(BaseUtils.java:31)
	at com.page.classes.MakePayment.<init>(MakePayment.java:35)
	at com.setup.utilities.BaseUtils.initBaseUtils(BaseUtils.java:38)
	at com.setup.utilities.BaseUtils.<init>(BaseUtils.java:31)
	at com.page.classes.MakePayment.<init>(MakePayment.java:35)
	at com.setup.utilities.BaseUtils.initBaseUtils(BaseUtils.java:38)
	at com.setup.utilities.BaseUtils.<init>(BaseUtils.java:31)
	at com.page.classes.MakePayment.<init>(MakePayment.java:35)
	at com.setup.utilities.BaseUtils.initBaseUtils(BaseUtils.java:38)
	at com.setup.utilities.BaseUtils.<init>(BaseUtils.java:31)
	at com.page.classes.MakePayment.<init>(MakePayment.java:35)
	at com.setup.utilities.BaseUtils.initBaseUtils(BaseUtils.java:38)
	at com.setup.utilities.BaseUtils.<init>(BaseUtils.java:31)
	at com.page.classes.MakePayment.<init>(MakePayment.java:35)
	at com.setup.utilities.BaseUtils.initBaseUtils(BaseUtils.java:38)
	at com.setup.utilities.BaseUtils.<init>(BaseUtils.java:31)
	at com.page.classes.MakePayment.<init>(MakePayment.java:35)
	at com.setup.utilities.BaseUtils.initBaseUtils(BaseUtils.java:38)
	at com.setup.utilities.BaseUtils.<init>(BaseUtils.java:31)
	at com.page.classes.MakePayment.<init>(MakePayment.java:35)
	at com.setup.utilities.BaseUtils.initBaseUtils(BaseUtils.java:38)
	at com.setup.utilities.BaseUtils.<init>(BaseUtils.java:31)
	at com.page.classes.MakePayment.<init>(MakePayment.java:35)
	at com.setup.utilities.BaseUtils.initBaseUtils(BaseUtils.java:38)
	at com.setup.utilities.BaseUtils.<init>(BaseUtils.java:31)
	at com.page.classes.MakePayment.<init>(MakePayment.java:35)
	at com.setup.utilities.BaseUtils.initBaseUtils(BaseUtils.java:38)
	at com.setup.utilities.BaseUtils.<init>(BaseUtils.java:31)
	at com.page.classes.MakePayment.<init>(MakePayment.java:35)
	at com.setup.utilities.BaseUtils.initBaseUtils(BaseUtils.java:38)
	at com.setup.utilities.BaseUtils.<init>(BaseUtils.java:31)
	at com.page.classes.MakePayment.<init>(MakePayment.java:35)
	at com.setup.utilities.BaseUtils.initBaseUtils(BaseUtils.java:38)
	at com.setup.utilities.BaseUtils.<init>(BaseUtils.java:31)
	at com.page.classes.MakePayment.<init>(MakePayment.java:35)
	at com.setup.utilities.BaseUtils.initBaseUtils(BaseUtils.java:38)
	at com.setup.utilities.BaseUtils.<init>(BaseUtils.java:31)
	at com.page.classes.MakePayment.<init>(MakePayment.java:35)
	at com.setup.utilities.BaseUtils.initBaseUtils(BaseUtils.java:38)
	at com.setup.utilities.BaseUtils.<init>(BaseUtils.java:31)
	at com.page.classes.MakePayment.<init>(MakePayment.java:35)
	at com.setup.utilities.BaseUtils.initBaseUtils(BaseUtils.java:38)
	at com.setup.utilities.BaseUtils.<init>(BaseUtils.java:31)
	at com.page.classes.MakePayment.<init>(MakePayment.java:35)
	at com.setup.utilities.BaseUtils.initBaseUtils(BaseUtils.java:38)
	at com.setup.utilities.BaseUtils.<init>(BaseUtils.java:31)
	at com.page.classes.MakePayment.<init>(MakePayment.java:35)
	at com.setup.utilities.BaseUtils.initBaseUtils(BaseUtils.java:38)
	at com.setup.utilities.BaseUtils.<init>(BaseUtils.java:31)
	at com.page.classes.MakePayment.<init>(MakePayment.java:35)
	at com.setup.utilities.BaseUtils.initBaseUtils(BaseUtils.java:38)
	at com.setup.utilities.BaseUtils.<init>(BaseUtils.java:31)
	at com.page.classes.MakePayment.<init>(MakePayment.java:35)
	at com.setup.utilities.BaseUtils.initBaseUtils(BaseUtils.java:38)
	at com.setup.utilities.BaseUtils.<init>(BaseUtils.java:31)
	at com.page.classes.MakePayment.<init>(MakePayment.java:35)
	at com.setup.utilities.BaseUtils.initBaseUtils(BaseUtils.java:38)
	at com.setup.utilities.BaseUtils.<init>(BaseUtils.java:31)
	at com.page.classes.MakePayment.<init>(MakePayment.java:35)
	at com.setup.utilities.BaseUtils.initBaseUtils(BaseUtils.java:38)
	at com.setup.utilities.BaseUtils.<init>(BaseUtils.java:31)
	at com.page.classes.MakePayment.<init>(MakePayment.java:35)
	at com.setup.utilities.BaseUtils.initBaseUtils(BaseUtils.java:38)
	at com.setup.utilities.BaseUtils.<init>(BaseUtils.java:31)
	at com.page.classes.MakePayment.<init>(MakePayment.java:35)
	at com.setup.utilities.BaseUtils.initBaseUtils(BaseUtils.java:38)
	at com.setup.utilities.BaseUtils.<init>(BaseUtils.java:31)
	at com.page.classes.MakePayment.<init>(MakePayment.java:35)
	at com.setup.utilities.BaseUtils.initBaseUtils(BaseUtils.java:38)
	at com.setup.utilities.BaseUtils.<init>(BaseUtils.java:31)
	at com.page.classes.MakePayment.<init>(MakePayment.java:35)
	at com.setup.utilities.BaseUtils.initBaseUtils(BaseUtils.java:38)
	at com.setup.utilities.BaseUtils.<init>(BaseUtils.java:31)
	at com.page.classes.MakePayment.<init>(MakePayment.java:35)
	at com.setup.utilities.BaseUtils.initBaseUtils(BaseUtils.java:38)
	at com.setup.utilities.BaseUtils.<init>(BaseUtils.java:31)
	at com.page.classes.MakePayment.<init>(MakePayment.java:35)
	at com.setup.utilities.BaseUtils.initBaseUtils(BaseUtils.java:38)
	at com.setup.utilities.BaseUtils.<init>(BaseUtils.java:31)
	at com.page.classes.MakePayment.<init>(MakePayment.java:35)
	at com.setup.utilities.BaseUtils.initBaseUtils(BaseUtils.java:38)
	at com.setup.utilities.BaseUtils.<init>(BaseUtils.java:31)
	at com.page.classes.MakePayment.<init>(MakePayment.java:35)
	at com.setup.utilities.BaseUtils.initBaseUtils(BaseUtils.java:38)
	at com.setup.utilities.BaseUtils.<init>(BaseUtils.java:31)
	at com.page.classes.MakePayment.<init>(MakePayment.java:35)
	at com.setup.utilities.BaseUtils.initBaseUtils(BaseUtils.java:38)
	at com.setup.utilities.BaseUtils.<init>(BaseUtils.java:31)
	at com.page.classes.MakePayment.<init>(MakePayment.java:35)
	at com.setup.utilities.BaseUtils.initBaseUtils(BaseUtils.java:38)
	at com.setup.utilities.BaseUtils.<init>(BaseUtils.java:31)
	at com.page.classes.MakePayment.<init>(MakePayment.java:35)
	at com.setup.utilities.BaseUtils.initBaseUtils(BaseUtils.java:38)
	at com.setup.utilities.BaseUtils.<init>(BaseUtils.java:31)
	at com.page.classes.MakePayment.<init>(MakePayment.java:35)
	at com.setup.utilities.BaseUtils.initBaseUtils(BaseUtils.java:38)
	at com.setup.utilities.BaseUtils.<init>(BaseUtils.java:31)
	at com.page.classes.MakePayment.<init>(MakePayment.java:35)
	at com.setup.utilities.BaseUtils.initBaseUtils(BaseUtils.java:38)
	at com.setup.utilities.BaseUtils.<init>(BaseUtils.java:31)
	at com.page.classes.MakePayment.<init>(MakePayment.java:35)
	at com.setup.utilities.BaseUtils.initBaseUtils(BaseUtils.java:38)
	at com.setup.utilities.BaseUtils.<init>(BaseUtils.java:31)
	at com.page.classes.MakePayment.<init>(MakePayment.java:35)
	at com.setup.utilities.BaseUtils.initBaseUtils(BaseUtils.java:38)
	at com.setup.utilities.BaseUtils.<init>(BaseUtils.java:31)
	at com.page.classes.MakePayment.<init>(MakePayment.java:35)
	at com.setup.utilities.BaseUtils.initBaseUtils(BaseUtils.java:38)
	at com.setup.utilities.BaseUtils.<init>(BaseUtils.java:31)
	at com.page.classes.MakePayment.<init>(MakePayment.java:35)
	at com.setup.utilities.BaseUtils.initBaseUtils(BaseUtils.java:38)
	at com.setup.utilities.BaseUtils.<init>(BaseUtils.java:31)
	at com.page.classes.MakePayment.<init>(MakePayment.java:35)
	at com.setup.utilities.BaseUtils.initBaseUtils(BaseUtils.java:38)
	at com.setup.utilities.BaseUtils.<init>(BaseUtils.java:31)
	at com.page.classes.MakePayment.<init>(MakePayment.java:35)
	at com.setup.utilities.BaseUtils.initBaseUtils(BaseUtils.java:38)
	at com.setup.utilities.BaseUtils.<init>(BaseUtils.java:31)
	at com.page.classes.MakePayment.<init>(MakePayment.java:35)
	at com.setup.utilities.BaseUtils.initBaseUtils(BaseUtils.java:38)
	at com.setup.utilities.BaseUtils.<init>(BaseUtils.java:31)
	at com.page.classes.MakePayment.<init>(MakePayment.java:35)
	at com.setup.utilities.BaseUtils.initBaseUtils(BaseUtils.java:38)
	at com.setup.utilities.BaseUtils.<init>(BaseUtils.java:31)
	at com.page.classes.MakePayment.<init>(MakePayment.java:35)
	at com.setup.utilities.BaseUtils.initBaseUtils(BaseUtils.java:38)
	at com.setup.utilities.BaseUtils.<init>(BaseUtils.java:31)
	at com.page.classes.MakePayment.<init>(MakePayment.java:35)
	at com.setup.utilities.BaseUtils.initBaseUtils(BaseUtils.java:38)
	at com.setup.utilities.BaseUtils.<init>(BaseUtils.java:31)
	at com.page.classes.MakePayment.<init>(MakePayment.java:35)
	at com.setup.utilities.BaseUtils.initBaseUtils(BaseUtils.java:38)
	at com.setup.utilities.BaseUtils.<init>(BaseUtils.java:31)
	at com.page.classes.MakePayment.<init>(MakePayment.java:35)
	at com.setup.utilities.BaseUtils.initBaseUtils(BaseUtils.java:38)
	at com.setup.utilities.BaseUtils.<init>(BaseUtils.java:31)
	at com.page.classes.MakePayment.<init>(MakePayment.java:35)
	at com.setup.utilities.BaseUtils.initBaseUtils(BaseUtils.java:38)
	at com.setup.utilities.BaseUtils.<init>(BaseUtils.java:31)
	at com.page.classes.MakePayment.<init>(MakePayment.java:35)
	at com.setup.utilities.BaseUtils.initBaseUtils(BaseUtils.java:38)
	at com.setup.utilities.BaseUtils.<init>(BaseUtils.java:31)
	at com.page.classes.MakePayment.<init>(MakePayment.java:35)
	at com.setup.utilities.BaseUtils.initBaseUtils(BaseUtils.java:38)
	at com.setup.utilities.BaseUtils.<init>(BaseUtils.java:31)
	at com.page.classes.MakePayment.<init>(MakePayment.java:35)
	at com.setup.utilities.BaseUtils.initBaseUtils(BaseUtils.java:38)
	at com.setup.utilities.BaseUtils.<init>(BaseUtils.java:31)
	at com.page.classes.MakePayment.<init>(MakePayment.java:35)
	at com.setup.utilities.BaseUtils.initBaseUtils(BaseUtils.java:38)
	at com.setup.utilities.BaseUtils.<init>(BaseUtils.java:31)
	at com.page.classes.MakePayment.<init>(MakePayment.java:35)
	at com.setup.utilities.BaseUtils.initBaseUtils(BaseUtils.java:38)
	at com.setup.utilities.BaseUtils.<init>(BaseUtils.java:31)
	at com.page.classes.MakePayment.<init>(MakePayment.java:35)
	at com.setup.utilities.BaseUtils.initBaseUtils(BaseUtils.java:38)
	at com.setup.utilities.BaseUtils.<init>(BaseUtils.java:31)
	at com.page.classes.MakePayment.<init>(MakePayment.java:35)
	at com.setup.utilities.BaseUtils.initBaseUtils(BaseUtils.java:38)
	at com.setup.utilities.BaseUtils.<init>(BaseUtils.java:31)
	at com.page.classes.MakePayment.<init>(MakePayment.java:35)
	at com.setup.utilities.BaseUtils.initBaseUtils(BaseUtils.java:38)
	at com.setup.utilities.BaseUtils.<init>(BaseUtils.java:31)
	at com.page.classes.MakePayment.<init>(MakePayment.java:35)
	at com.setup.utilities.BaseUtils.initBaseUtils(BaseUtils.java:38)
	at com.setup.utilities.BaseUtils.<init>(BaseUtils.java:31)
	at com.page.classes.MakePayment.<init>(MakePayment.java:35)
	at com.setup.utilities.BaseUtils.initBaseUtils(BaseUtils.java:38)
	at com.setup.utilities.BaseUtils.<init>(BaseUtils.java:31)
	at com.page.classes.MakePayment.<init>(MakePayment.java:35)
	at com.setup.utilities.BaseUtils.initBaseUtils(BaseUtils.java:38)
	at com.setup.utilities.BaseUtils.<init>(BaseUtils.java:31)
	at com.page.classes.MakePayment.<init>(MakePayment.java:35)
	at com.setup.utilities.BaseUtils.initBaseUtils(BaseUtils.java:38)
	at com.setup.utilities.BaseUtils.<init>(BaseUtils.java:31)
	at com.page.classes.MakePayment.<init>(MakePayment.java:35)
	at com.setup.utilities.BaseUtils.initBaseUtils(BaseUtils.java:38)
	at com.setup.utilities.BaseUtils.<init>(BaseUtils.java:31)
	at com.page.classes.MakePayment.<init>(MakePayment.java:35)
	at com.setup.utilities.BaseUtils.initBaseUtils(BaseUtils.java:38)
	at com.setup.utilities.BaseUtils.<init>(BaseUtils.java:31)
	at com.page.classes.MakePayment.<init>(MakePayment.java:35)
	at com.setup.utilities.BaseUtils.initBaseUtils(BaseUtils.java:38)
	at com.setup.utilities.BaseUtils.<init>(BaseUtils.java:31)
	at com.page.classes.MakePayment.<init>(MakePayment.java:35)
	at com.setup.utilities.BaseUtils.initBaseUtils(BaseUtils.java:38)
	at com.setup.utilities.BaseUtils.<init>(BaseUtils.java:31)
	at com.page.classes.MakePayment.<init>(MakePayment.java:35)
	at com.setup.utilities.BaseUtils.initBaseUtils(BaseUtils.java:38)
	at com.setup.utilities.BaseUtils.<init>(BaseUtils.java:31)
	at com.page.classes.MakePayment.<init>(MakePayment.java:35)
	at com.setup.utilities.BaseUtils.initBaseUtils(BaseUtils.java:38)
	at com.setup.utilities.BaseUtils.<init>(BaseUtils.java:31)
	at com.page.classes.MakePayment.<init>(MakePayment.java:35)
	at com.setup.utilities.BaseUtils.initBaseUtils(BaseUtils.java:38)
	at com.setup.utilities.BaseUtils.<init>(BaseUtils.java:31)
	at com.page.classes.MakePayment.<init>(MakePayment.java:35)
	at com.setup.utilities.BaseUtils.initBaseUtils(BaseUtils.java:38)
	at com.setup.utilities.BaseUtils.<init>(BaseUtils.java:31)
	at com.page.classes.MakePayment.<init>(MakePayment.java:35)
	at com.setup.utilities.BaseUtils.initBaseUtils(BaseUtils.java:38)
	at com.setup.utilities.BaseUtils.<init>(BaseUtils.java:31)
	at com.page.classes.MakePayment.<init>(MakePayment.java:35)
	at com.setup.utilities.BaseUtils.initBaseUtils(BaseUtils.java:38)
	at com.setup.utilities.BaseUtils.<init>(BaseUtils.java:31)
	at com.page.classes.MakePayment.<init>(MakePayment.java:35)
	at com.setup.utilities.BaseUtils.initBaseUtils(BaseUtils.java:38)
	at com.setup.utilities.BaseUtils.<init>(BaseUtils.java:31)
	at com.page.classes.MakePayment.<init>(MakePayment.java:35)
	at com.setup.utilities.BaseUtils.initBaseUtils(BaseUtils.java:38)
	at com.setup.utilities.BaseUtils.<init>(BaseUtils.java:31)
	at com.page.classes.MakePayment.<init>(MakePayment.java:35)
	at com.setup.utilities.BaseUtils.initBaseUtils(BaseUtils.java:38)
	at com.setup.utilities.BaseUtils.<init>(BaseUtils.java:31)
	at com.page.classes.MakePayment.<init>(MakePayment.java:35)
	at com.setup.utilities.BaseUtils.initBaseUtils(BaseUtils.java:38)
	at com.setup.utilities.BaseUtils.<init>(BaseUtils.java:31)
	at com.page.classes.MakePayment.<init>(MakePayment.java:35)
	at com.setup.utilities.BaseUtils.initBaseUtils(BaseUtils.java:38)
	at com.setup.utilities.BaseUtils.<init>(BaseUtils.java:31)
	at com.page.classes.MakePayment.<init>(MakePayment.java:35)
	at com.setup.utilities.BaseUtils.initBaseUtils(BaseUtils.java:38)
	at com.setup.utilities.BaseUtils.<init>(BaseUtils.java:31)
	at com.page.classes.MakePayment.<init>(MakePayment.java:35)
	at com.setup.utilities.BaseUtils.initBaseUtils(BaseUtils.java:38)
	at com.setup.utilities.BaseUtils.<init>(BaseUtils.java:31)
	at com.page.classes.MakePayment.<init>(MakePayment.java:35)
	at com.setup.utilities.BaseUtils.initBaseUtils(BaseUtils.java:38)
	at com.setup.utilities.BaseUtils.<init>(BaseUtils.java:31)
	at com.page.classes.MakePayment.<init>(MakePayment.java:35)
	at com.setup.utilities.BaseUtils.initBaseUtils(BaseUtils.java:38)
	at com.setup.utilities.BaseUtils.<init>(BaseUtils.java:31)
	at com.page.classes.MakePayment.<init>(MakePayment.java:35)
	at com.setup.utilities.BaseUtils.initBaseUtils(BaseUtils.java:38)
	at com.setup.utilities.BaseUtils.<init>(BaseUtils.java:31)
	at com.page.classes.MakePayment.<init>(MakePayment.java:35)
	at com.setup.utilities.BaseUtils.initBaseUtils(BaseUtils.java:38)
	at com.setup.utilities.BaseUtils.<init>(BaseUtils.java:31)
	at com.page.classes.MakePayment.<init>(MakePayment.java:35)
	at com.setup.utilities.BaseUtils.initBaseUtils(BaseUtils.java:38)
	at com.setup.utilities.BaseUtils.<init>(BaseUtils.java:31)
	at com.page.classes.MakePayment.<init>(MakePayment.java:35)
	at com.setup.utilities.BaseUtils.initBaseUtils(BaseUtils.java:38)
	at com.setup.utilities.BaseUtils.<init>(BaseUtils.java:31)
	at com.page.classes.MakePayment.<init>(MakePayment.java:35)
	at com.setup.utilities.BaseUtils.initBaseUtils(BaseUtils.java:38)
	at com.setup.utilities.BaseUtils.<init>(BaseUtils.java:31)
	at com.page.classes.MakePayment.<init>(MakePayment.java:35)
	at com.setup.utilities.BaseUtils.initBaseUtils(BaseUtils.java:38)
	at com.setup.utilities.BaseUtils.<init>(BaseUtils.java:31)
	at com.page.classes.MakePayment.<init>(MakePayment.java:35)
	at com.setup.utilities.BaseUtils.initBaseUtils(BaseUtils.java:38)
	at com.setup.utilities.BaseUtils.<init>(BaseUtils.java:31)
	at com.page.classes.MakePayment.<init>(MakePayment.java:35)
	at com.setup.utilities.BaseUtils.initBaseUtils(BaseUtils.java:38)
	at com.setup.utilities.BaseUtils.<init>(BaseUtils.java:31)
	at com.page.classes.MakePayment.<init>(MakePayment.java:35)
	at com.setup.utilities.BaseUtils.initBaseUtils(BaseUtils.java:38)
	at com.setup.utilities.BaseUtils.<init>(BaseUtils.java:31)
	at com.page.classes.MakePayment.<init>(MakePayment.java:35)
	at com.setup.utilities.BaseUtils.initBaseUtils(BaseUtils.java:38)
	at com.setup.utilities.BaseUtils.<init>(BaseUtils.java:31)
	at com.page.classes.MakePayment.<init>(MakePayment.java:35)
	at com.setup.utilities.BaseUtils.initBaseUtils(BaseUtils.java:38)
	at com.setup.utilities.BaseUtils.<init>(BaseUtils.java:31)
	at com.page.classes.MakePayment.<init>(MakePayment.java:35)
	at com.setup.utilities.BaseUtils.initBaseUtils(BaseUtils.java:38)
	at com.setup.utilities.BaseUtils.<init>(BaseUtils.java:31)
	at com.page.classes.MakePayment.<init>(MakePayment.java:35)
	at com.setup.utilities.BaseUtils.initBaseUtils(BaseUtils.java:38)
	at com.setup.utilities.BaseUtils.<init>(BaseUtils.java:31)
	at com.page.classes.MakePayment.<init>(MakePayment.java:35)
	at com.setup.utilities.BaseUtils.initBaseUtils(BaseUtils.java:38)
	at com.setup.utilities.BaseUtils.<init>(BaseUtils.java:31)
	at com.page.classes.MakePayment.<init>(MakePayment.java:35)
	at com.setup.utilities.BaseUtils.initBaseUtils(BaseUtils.java:38)
	at com.setup.utilities.BaseUtils.<init>(BaseUtils.java:31)
	at com.page.classes.MakePayment.<init>(MakePayment.java:35)
	at com.setup.utilities.BaseUtils.initBaseUtils(BaseUtils.java:38)
	at com.setup.utilities.BaseUtils.<init>(BaseUtils.java:31)
	at com.page.classes.MakePayment.<init>(MakePayment.java:35)
	at com.setup.utilities.BaseUtils.initBaseUtils(BaseUtils.java:38)
	at com.setup.utilities.BaseUtils.<init>(BaseUtils.java:31)
	at com.page.classes.MakePayment.<init>(MakePayment.java:35)
	at com.setup.utilities.BaseUtils.initBaseUtils(BaseUtils.java:38)
	at com.setup.utilities.BaseUtils.<init>(BaseUtils.java:31)
	at com.page.classes.MakePayment.<init>(MakePayment.java:35)
	at com.setup.utilities.BaseUtils.initBaseUtils(BaseUtils.java:38)
	at com.setup.utilities.BaseUtils.<init>(BaseUtils.java:31)
	at com.page.classes.MakePayment.<init>(MakePayment.java:35)
	at com.setup.utilities.BaseUtils.initBaseUtils(BaseUtils.java:38)
	at com.setup.utilities.BaseUtils.<init>(BaseUtils.java:31)
	at com.page.classes.MakePayment.<init>(MakePayment.java:35)
	at com.setup.utilities.BaseUtils.initBaseUtils(BaseUtils.java:38)
	at com.setup.utilities.BaseUtils.<init>(BaseUtils.java:31)
	at com.page.classes.MakePayment.<init>(MakePayment.java:35)
	at com.setup.utilities.BaseUtils.initBaseUtils(BaseUtils.java:38)
	at com.setup.utilities.BaseUtils.<init>(BaseUtils.java:31)
	at com.page.classes.MakePayment.<init>(MakePayment.java:35)
	at com.setup.utilities.BaseUtils.initBaseUtils(BaseUtils.java:38)
	at com.setup.utilities.BaseUtils.<init>(BaseUtils.java:31)
	at com.page.classes.MakePayment.<init>(MakePayment.java:35)
	at com.setup.utilities.BaseUtils.initBaseUtils(BaseUtils.java:38)
	at com.setup.utilities.BaseUtils.<init>(BaseUtils.java:31)
	at com.page.classes.MakePayment.<init>(MakePayment.java:35)
	at com.setup.utilities.BaseUtils.initBaseUtils(BaseUtils.java:38)
	at com.setup.utilities.BaseUtils.<init>(BaseUtils.java:31)
	at com.page.classes.MakePayment.<init>(MakePayment.java:35)
	at com.setup.utilities.BaseUtils.initBaseUtils(BaseUtils.java:38)
	at com.setup.utilities.BaseUtils.<init>(BaseUtils.java:31)
	at com.page.classes.MakePayment.<init>(MakePayment.java:35)
	at com.setup.utilities.BaseUtils.initBaseUtils(BaseUtils.java:38)
	at com.setup.utilities.BaseUtils.<init>(BaseUtils.java:31)
	at com.page.classes.MakePayment.<init>(MakePayment.java:35)
	at com.setup.utilities.BaseUtils.initBaseUtils(BaseUtils.java:38)
	at com.setup.utilities.BaseUtils.<init>(BaseUtils.java:31)
	at com.page.classes.MakePayment.<init>(MakePayment.java:35)
	at com.setup.utilities.BaseUtils.initBaseUtils(BaseUtils.java:38)
	at com.setup.utilities.BaseUtils.<init>(BaseUtils.java:31)
	at com.page.classes.MakePayment.<init>(MakePayment.java:35)
	at com.setup.utilities.BaseUtils.initBaseUtils(BaseUtils.java:38)
	at com.setup.utilities.BaseUtils.<init>(BaseUtils.java:31)
	at com.page.classes.MakePayment.<init>(MakePayment.java:35)
	at com.setup.utilities.BaseUtils.initBaseUtils(BaseUtils.java:38)
	at com.setup.utilities.BaseUtils.<init>(BaseUtils.java:31)
	at com.page.classes.MakePayment.<init>(MakePayment.java:35)
	at com.setup.utilities.BaseUtils.initBaseUtils(BaseUtils.java:38)
	at com.setup.utilities.BaseUtils.<init>(BaseUtils.java:31)
	at com.page.classes.MakePayment.<init>(MakePayment.java:35)
	at com.setup.utilities.BaseUtils.initBaseUtils(BaseUtils.java:38)
	at com.setup.utilities.BaseUtils.<init>(BaseUtils.java:31)
	at com.page.classes.MakePayment.<init>(MakePayment.java:35)
	at com.setup.utilities.BaseUtils.initBaseUtils(BaseUtils.java:38)
	at com.setup.utilities.BaseUtils.<init>(BaseUtils.java:31)
	at com.page.classes.MakePayment.<init>(MakePayment.java:35)
	at com.setup.utilities.BaseUtils.initBaseUtils(BaseUtils.java:38)
	at com.setup.utilities.BaseUtils.<init>(BaseUtils.java:31)
	at com.page.classes.MakePayment.<init>(MakePayment.java:35)
	at com.setup.utilities.BaseUtils.initBaseUtils(BaseUtils.java:38)
	at com.setup.utilities.BaseUtils.<init>(BaseUtils.java:31)
	at com.page.classes.MakePayment.<init>(MakePayment.java:35)
	at com.setup.utilities.BaseUtils.initBaseUtils(BaseUtils.java:38)
	at com.setup.utilities.BaseUtils.<init>(BaseUtils.java:31)
	at com.page.classes.MakePayment.<init>(MakePayment.java:35)
	at com.setup.utilities.BaseUtils.initBaseUtils(BaseUtils.java:38)
	at com.setup.utilities.BaseUtils.<init>(BaseUtils.java:31)
	at com.page.classes.MakePayment.<init>(MakePayment.java:35)
	at com.setup.utilities.BaseUtils.initBaseUtils(BaseUtils.java:38)
	at com.setup.utilities.BaseUtils.<init>(BaseUtils.java:31)
	at com.page.classes.MakePayment.<init>(MakePayment.java:35)
	at com.setup.utilities.BaseUtils.initBaseUtils(BaseUtils.java:38)
	at com.setup.utilities.BaseUtils.<init>(BaseUtils.java:31)
	at com.page.classes.MakePayment.<init>(MakePayment.java:35)
	at com.setup.utilities.BaseUtils.initBaseUtils(BaseUtils.java:38)
	at com.setup.utilities.BaseUtils.<init>(BaseUtils.java:31)
	at com.page.classes.MakePayment.<init>(MakePayment.java:35)
	at com.setup.utilities.BaseUtils.initBaseUtils(BaseUtils.java:38)
	at com.setup.utilities.BaseUtils.<init>(BaseUtils.java:31)
	at com.page.classes.MakePayment.<init>(MakePayment.java:35)
	at com.setup.utilities.BaseUtils.initBaseUtils(BaseUtils.java:38)
	at com.setup.utilities.BaseUtils.<init>(BaseUtils.java:31)
	at com.page.classes.MakePayment.<init>(MakePayment.java:35)
	at com.setup.utilities.BaseUtils.initBaseUtils(BaseUtils.java:38)
	at com.setup.utilities.BaseUtils.<init>(BaseUtils.java:31)
	at com.page.classes.MakePayment.<init>(MakePayment.java:35)
	at com.setup.utilities.BaseUtils.initBaseUtils(BaseUtils.java:38)
	at com.setup.utilities.BaseUtils.<init>(BaseUtils.java:31)
	at com.page.classes.MakePayment.<init>(MakePayment.java:35)
	at com.setup.utilities.BaseUtils.initBaseUtils(BaseUtils.java:38)
	at com.setup.utilities.BaseUtils.<init>(BaseUtils.java:31)
	at com.page.classes.MakePayment.<init>(MakePayment.java:35)
	at com.setup.utilities.BaseUtils.initBaseUtils(BaseUtils.java:38)
	at com.setup.utilities.BaseUtils.<init>(BaseUtils.java:31)
	at com.page.classes.MakePayment.<init>(MakePayment.java:35)
	at com.setup.utilities.BaseUtils.initBaseUtils(BaseUtils.java:38)
	at com.setup.utilities.BaseUtils.<init>(BaseUtils.java:31)
	at com.page.classes.MakePayment.<init>(MakePayment.java:35)
	at com.setup.utilities.BaseUtils.initBaseUtils(BaseUtils.java:38)
	at com.setup.utilities.BaseUtils.<init>(BaseUtils.java:31)
	at com.page.classes.MakePayment.<init>(MakePayment.java:35)
	at com.setup.utilities.BaseUtils.initBaseUtils(BaseUtils.java:38)
	at com.setup.utilities.BaseUtils.<init>(BaseUtils.java:31)
	at com.page.classes.MakePayment.<init>(MakePayment.java:35)
	at com.setup.utilities.BaseUtils.initBaseUtils(BaseUtils.java:38)
	at com.setup.utilities.BaseUtils.<init>(BaseUtils.java:31)
	at com.page.classes.MakePayment.<init>(MakePayment.java:35)
	at com.setup.utilities.BaseUtils.initBaseUtils(BaseUtils.java:38)
	at com.setup.utilities.BaseUtils.<init>(BaseUtils.java:31)
	at com.page.classes.MakePayment.<init>(MakePayment.java:35)
	at com.setup.utilities.BaseUtils.initBaseUtils(BaseUtils.java:38)
	at com.setup.utilities.BaseUtils.<init>(BaseUtils.java:31)
	at com.page.classes.MakePayment.<init>(MakePayment.java:35)
	at com.setup.utilities.BaseUtils.initBaseUtils(BaseUtils.java:38)
	at com.setup.utilities.BaseUtils.<init>(BaseUtils.java:31)
	at com.page.classes.MakePayment.<init>(MakePayment.java:35)
	at com.setup.utilities.BaseUtils.initBaseUtils(BaseUtils.java:38)
	at com.setup.utilities.BaseUtils.<init>(BaseUtils.java:31)
	at com.page.classes.MakePayment.<init>(MakePayment.java:35)
	at com.setup.utilities.BaseUtils.initBaseUtils(BaseUtils.java:38)
	at com.setup.utilities.BaseUtils.<init>(BaseUtils.java:31)
	at com.page.classes.MakePayment.<init>(MakePayment.java:35)
	at com.setup.utilities.BaseUtils.initBaseUtils(BaseUtils.java:38)
	at com.setup.utilities.BaseUtils.<init>(BaseUtils.java:31)
	at com.page.classes.MakePayment.<init>(MakePayment.java:35)
	at com.setup.utilities.BaseUtils.initBaseUtils(BaseUtils.java:38)
	at com.setup.utilities.BaseUtils.<init>(BaseUtils.java:31)
	at com.page.classes.MakePayment.<init>(MakePayment.java:35)
	at com.setup.utilities.BaseUtils.initBaseUtils(BaseUtils.java:38)
	at com.setup.utilities.BaseUtils.<init>(BaseUtils.java:31)
	at com.page.classes.MakePayment.<init>(MakePayment.java:35)
	at com.setup.utilities.BaseUtils.initBaseUtils(BaseUtils.java:38)
	at com.setup.utilities.BaseUtils.<init>(BaseUtils.java:31)
	at com.page.classes.MakePayment.<init>(MakePayment.java:35)
	at com.setup.utilities.BaseUtils.initBaseUtils(BaseUtils.java:38)
	at com.setup.utilities.BaseUtils.<init>(BaseUtils.java:31)
	at com.page.classes.MakePayment.<init>(MakePayment.java:35)
	at com.setup.utilities.BaseUtils.initBaseUtils(BaseUtils.java:38)
	at com.setup.utilities.BaseUtils.<init>(BaseUtils.java:31)
	at com.page.classes.MakePayment.<init>(MakePayment.java:35)
	at com.setup.utilities.BaseUtils.initBaseUtils(BaseUtils.java:38)
	at com.setup.utilities.BaseUtils.<init>(BaseUtils.java:31)
	at com.page.classes.MakePayment.<init>(MakePayment.java:35)
	at com.setup.utilities.BaseUtils.initBaseUtils(BaseUtils.java:38)
	at com.setup.utilities.BaseUtils.<init>(BaseUtils.java:31)
	at com.page.classes.MakePayment.<init>(MakePayment.java:35)
	at com.setup.utilities.BaseUtils.initBaseUtils(BaseUtils.java:38)
	at com.setup.utilities.BaseUtils.<init>(BaseUtils.java:31)
	at com.page.classes.MakePayment.<init>(MakePayment.java:35)
	at com.setup.utilities.BaseUtils.initBaseUtils(BaseUtils.java:38)
	at com.setup.utilities.BaseUtils.<init>(BaseUtils.java:31)
	at com.page.classes.MakePayment.<init>(MakePayment.java:35)
	at com.setup.utilities.BaseUtils.initBaseUtils(BaseUtils.java:38)
	at com.setup.utilities.BaseUtils.<init>(BaseUtils.java:31)
	at com.page.classes.MakePayment.<init>(MakePayment.java:35)
	at com.setup.utilities.BaseUtils.initBaseUtils(BaseUtils.java:38)
	at com.setup.utilities.BaseUtils.<init>(BaseUtils.java:31)
	at com.page.classes.MakePayment.<init>(MakePayment.java:35)
	at com.setup.utilities.BaseUtils.initBaseUtils(BaseUtils.java:38)
	at com.setup.utilities.BaseUtils.<init>(BaseUtils.java:31)
	at com.page.classes.MakePayment.<init>(MakePayment.java:35)
	at com.setup.utilities.BaseUtils.initBaseUtils(BaseUtils.java:38)
	at com.setup.utilities.BaseUtils.<init>(BaseUtils.java:31)
	at com.page.classes.MakePayment.<init>(MakePayment.java:35)
	at com.setup.utilities.BaseUtils.initBaseUtils(BaseUtils.java:38)
	at com.setup.utilities.BaseUtils.<init>(BaseUtils.java:31)
	at com.page.classes.MakePayment.<init>(MakePayment.java:35)
	at com.setup.utilities.BaseUtils.initBaseUtils(BaseUtils.java:38)
	at com.setup.utilities.BaseUtils.<init>(BaseUtils.java:31)
	at com.page.classes.MakePayment.<init>(MakePayment.java:35)
	at com.setup.utilities.BaseUtils.initBaseUtils(BaseUtils.java:38)
	at com.setup.utilities.BaseUtils.<init>(BaseUtils.java:31)
	at com.page.classes.MakePayment.<init>(MakePayment.java:35)
	at com.setup.utilities.BaseUtils.initBaseUtils(BaseUtils.java:38)
	at com.setup.utilities.BaseUtils.<init>(BaseUtils.java:31)
	at com.page.classes.MakePayment.<init>(MakePayment.java:35)
	at com.setup.utilities.BaseUtils.initBaseUtils(BaseUtils.java:38)
	at com.setup.utilities.BaseUtils.<init>(BaseUtils.java:31)
	at com.page.classes.MakePayment.<init>(MakePayment.java:35)
	at com.setup.utilities.BaseUtils.initBaseUtils(BaseUtils.java:38)
	at com.setup.utilities.BaseUtils.<init>(BaseUtils.java:31)
	at com.page.classes.MakePayment.<init>(MakePayment.java:35)
	at com.setup.utilities.BaseUtils.initBaseUtils(BaseUtils.java:38)
	at com.setup.utilities.BaseUtils.<init>(BaseUtils.java:31)
	at com.page.classes.MakePayment.<init>(MakePayment.java:35)
	at com.setup.utilities.BaseUtils.initBaseUtils(BaseUtils.java:38)
	at com.setup.utilities.BaseUtils.<init>(BaseUtils.java:31)
	at com.page.classes.MakePayment.<init>(MakePayment.java:35)
	at com.setup.utilities.BaseUtils.initBaseUtils(BaseUtils.java:38)
	at com.setup.utilities.BaseUtils.<init>(BaseUtils.java:31)
	at com.page.classes.MakePayment.<init>(MakePayment.java:35)
	at com.setup.utilities.BaseUtils.initBaseUtils(BaseUtils.java:38)
	at com.setup.utilities.BaseUtils.<init>(BaseUtils.java:31)
	at com.page.classes.MakePayment.<init>(MakePayment.java:35)
	at com.setup.utilities.BaseUtils.initBaseUtils(BaseUtils.java:38)
	at com.setup.utilities.BaseUtils.<init>(BaseUtils.java:31)
	at com.page.classes.MakePayment.<init>(MakePayment.java:35)
	at com.setup.utilities.BaseUtils.initBaseUtils(BaseUtils.java:38)
	at com.setup.utilities.BaseUtils.<init>(BaseUtils.java:31)
	at com.page.classes.MakePayment.<init>(MakePayment.java:35)
	at com.setup.utilities.BaseUtils.initBaseUtils(BaseUtils.java:38)
	at com.setup.utilities.BaseUtils.<init>(BaseUtils.java:31)
	at com.page.classes.MakePayment.<init>(MakePayment.java:35)
	at com.setup.utilities.BaseUtils.initBaseUtils(BaseUtils.java:38)
	at com.setup.utilities.BaseUtils.<init>(BaseUtils.java:31)
	at com.page.classes.MakePayment.<init>(MakePayment.java:35)
	at com.setup.utilities.BaseUtils.initBaseUtils(BaseUtils.java:38)
	at com.setup.utilities.BaseUtils.<init>(BaseUtils.java:31)
	at com.page.classes.MakePayment.<init>(MakePayment.java:35)
	at com.setup.utilities.BaseUtils.initBaseUtils(BaseUtils.java:38)
	at com.setup.utilities.BaseUtils.<init>(BaseUtils.java:31)
	at com.page.classes.MakePayment.<init>(MakePayment.java:35)
	at com.setup.utilities.BaseUtils.initBaseUtils(BaseUtils.java:38)
	at com.setup.utilities.BaseUtils.<init>(BaseUtils.java:31)
	at com.page.classes.MakePayment.<init>(MakePayment.java:35)
	at com.setup.utilities.BaseUtils.initBaseUtils(BaseUtils.java:38)
	at com.setup.utilities.BaseUtils.<init>(BaseUtils.java:31)
	at com.page.classes.MakePayment.<init>(MakePayment.java:35)
	at com.setup.utilities.BaseUtils.initBaseUtils(BaseUtils.java:38)
	at com.setup.utilities.BaseUtils.<init>(BaseUtils.java:31)
	at com.page.classes.MakePayment.<init>(MakePayment.java:35)
	at com.setup.utilities.BaseUtils.initBaseUtils(BaseUtils.java:38)
	at com.setup.utilities.BaseUtils.<init>(BaseUtils.java:31)
	at com.page.classes.MakePayment.<init>(MakePayment.java:35)
	at com.setup.utilities.BaseUtils.initBaseUtils(BaseUtils.java:38)
	at com.setup.utilities.BaseUtils.<init>(BaseUtils.java:31)
	at com.page.classes.MakePayment.<init>(MakePayment.java:35)
	at com.setup.utilities.BaseUtils.initBaseUtils(BaseUtils.java:38)
	at com.setup.utilities.BaseUtils.<init>(BaseUtils.java:31)
	at com.page.classes.MakePayment.<init>(MakePayment.java:35)
	at com.setup.utilities.BaseUtils.initBaseUtils(BaseUtils.java:38)
	at com.setup.utilities.BaseUtils.<init>(BaseUtils.java:31)
	at com.page.classes.MakePayment.<init>(MakePayment.java:35)
	at com.setup.utilities.BaseUtils.initBaseUtils(BaseUtils.java:38)
	at com.setup.utilities.BaseUtils.<init>(BaseUtils.java:31)
	at com.page.classes.MakePayment.<init>(MakePayment.java:35)
	at com.setup.utilities.BaseUtils.initBaseUtils(BaseUtils.java:38)
	at com.setup.utilities.BaseUtils.<init>(BaseUtils.java:31)
	at com.page.classes.MakePayment.<init>(MakePayment.java:35)
	at com.setup.utilities.BaseUtils.initBaseUtils(BaseUtils.java:38)
	at com.setup.utilities.BaseUtils.<init>(BaseUtils.java:31)
	at com.page.classes.MakePayment.<init>(MakePayment.java:35)
	at com.setup.utilities.BaseUtils.initBaseUtils(BaseUtils.java:38)
	at com.setup.utilities.BaseUtils.<init>(BaseUtils.java:31)
	at com.page.classes.MakePayment.<init>(MakePayment.java:35)
	at com.setup.utilities.BaseUtils.initBaseUtils(BaseUtils.java:38)
	at com.setup.utilities.BaseUtils.<init>(BaseUtils.java:31)
	at com.page.classes.MakePayment.<init>(MakePayment.java:35)
	at com.setup.utilities.BaseUtils.initBaseUtils(BaseUtils.java:38)
	at com.setup.utilities.BaseUtils.<init>(BaseUtils.java:31)
	at com.page.classes.MakePayment.<init>(MakePayment.java:35)
	at com.setup.utilities.BaseUtils.initBaseUtils(BaseUtils.java:38)
	at com.setup.utilities.BaseUtils.<init>(BaseUtils.java:31)
	at com.page.classes.MakePayment.<init>(MakePayment.java:35)
	at com.setup.utilities.BaseUtils.initBaseUtils(BaseUtils.java:38)
	at com.setup.utilities.BaseUtils.<init>(BaseUtils.java:31)
	at com.page.classes.MakePayment.<init>(MakePayment.java:35)
	at com.setup.utilities.BaseUtils.initBaseUtils(BaseUtils.java:38)
	at com.setup.utilities.BaseUtils.<init>(BaseUtils.java:31)
	at com.page.classes.MakePayment.<init>(MakePayment.java:35)
	at com.setup.utilities.BaseUtils.initBaseUtils(BaseUtils.java:38)
	at com.setup.utilities.BaseUtils.<init>(BaseUtils.java:31)
	at com.page.classes.MakePayment.<init>(MakePayment.java:35)
	at com.setup.utilities.BaseUtils.initBaseUtils(BaseUtils.java:38)
	at com.setup.utilities.BaseUtils.<init>(BaseUtils.java:31)
	at com.page.classes.MakePayment.<init>(MakePayment.java:35)
	at com.setup.utilities.BaseUtils.initBaseUtils(BaseUtils.java:38)
	at com.setup.utilities.BaseUtils.<init>(BaseUtils.java:31)
	at com.page.classes.MakePayment.<init>(MakePayment.java:35)
	at com.setup.utilities.BaseUtils.initBaseUtils(BaseUtils.java:38)
	at com.setup.utilities.BaseUtils.<init>(BaseUtils.java:31)
	at com.page.classes.MakePayment.<init>(MakePayment.java:35)
	at com.setup.utilities.BaseUtils.initBaseUtils(BaseUtils.java:38)
	at com.setup.utilities.BaseUtils.<init>(BaseUtils.java:31)
	at com.page.classes.MakePayment.<init>(MakePayment.java:35)
	at com.setup.utilities.BaseUtils.initBaseUtils(BaseUtils.java:38)
	at com.setup.utilities.BaseUtils.<init>(BaseUtils.java:31)
	at com.page.classes.MakePayment.<init>(MakePayment.java:35)
	at com.setup.utilities.BaseUtils.initBaseUtils(BaseUtils.java:38)
	at com.setup.utilities.BaseUtils.<init>(BaseUtils.java:31)
	at com.page.classes.MakePayment.<init>(MakePayment.java:35)
	at com.setup.utilities.BaseUtils.initBaseUtils(BaseUtils.java:38)
	at com.setup.utilities.BaseUtils.<init>(BaseUtils.java:31)
	at com.page.classes.MakePayment.<init>(MakePayment.java:35)
	at com.setup.utilities.BaseUtils.initBaseUtils(BaseUtils.java:38)
	at com.setup.utilities.BaseUtils.<init>(BaseUtils.java:31)
	at com.page.classes.MakePayment.<init>(MakePayment.java:35)
	at com.setup.utilities.BaseUtils.initBaseUtils(BaseUtils.java:38)
	at com.setup.utilities.BaseUtils.<init>(BaseUtils.java:31)
	at com.page.classes.MakePayment.<init>(MakePayment.java:35)
	at com.setup.utilities.BaseUtils.initBaseUtils(BaseUtils.java:38)
	at com.setup.utilities.BaseUtils.<init>(BaseUtils.java:31)
	at com.page.classes.MakePayment.<init>(MakePayment.java:35)
	at com.setup.utilities.BaseUtils.initBaseUtils(BaseUtils.java:38)
	at com.setup.utilities.BaseUtils.<init>(BaseUtils.java:31)
	at com.page.classes.MakePayment.<init>(MakePayment.java:35)
	at com.setup.utilities.BaseUtils.initBaseUtils(BaseUtils.java:38)
	at com.setup.utilities.BaseUtils.<init>(BaseUtils.java:31)
	at com.page.classes.MakePayment.<init>(MakePayment.java:35)
	at com.setup.utilities.BaseUtils.initBaseUtils(BaseUtils.java:38)
	at com.setup.utilities.BaseUtils.<init>(BaseUtils.java:31)
	at com.page.classes.MakePayment.<init>(MakePayment.java:35)
	at com.setup.utilities.BaseUtils.initBaseUtils(BaseUtils.java:38)
	at com.setup.utilities.BaseUtils.<init>(BaseUtils.java:31)
	at com.page.classes.MakePayment.<init>(MakePayment.java:35)
	at com.setup.utilities.BaseUtils.initBaseUtils(BaseUtils.java:38)
	at com.setup.utilities.BaseUtils.<init>(BaseUtils.java:31)
	at com.page.classes.MakePayment.<init>(MakePayment.java:35)
	at com.setup.utilities.BaseUtils.initBaseUtils(BaseUtils.java:38)
	at com.setup.utilities.BaseUtils.<init>(BaseUtils.java:31)
	at com.page.classes.MakePayment.<init>(MakePayment.java:35)
	at com.setup.utilities.BaseUtils.initBaseUtils(BaseUtils.java:38)
	at com.setup.utilities.BaseUtils.<init>(BaseUtils.java:31)
	at com.page.classes.MakePayment.<init>(MakePayment.java:35)
	at com.setup.utilities.BaseUtils.initBaseUtils(BaseUtils.java:38)
	at com.setup.utilities.BaseUtils.<init>(BaseUtils.java:31)
	at com.page.classes.MakePayment.<init>(MakePayment.java:35)
	at com.setup.utilities.BaseUtils.initBaseUtils(BaseUtils.java:38)
	at com.setup.utilities.BaseUtils.<init>(BaseUtils.java:31)
	at com.page.classes.MakePayment.<init>(MakePayment.java:35)
	at com.setup.utilities.BaseUtils.initBaseUtils(BaseUtils.java:38)
	at com.setup.utilities.BaseUtils.<init>(BaseUtils.java:31)
	at com.page.classes.MakePayment.<init>(MakePayment.java:35)
	at com.setup.utilities.BaseUtils.initBaseUtils(BaseUtils.java:38)
	at com.setup.utilities.BaseUtils.<init>(BaseUtils.java:31)
	at com.page.classes.MakePayment.<init>(MakePayment.java:35)
	at com.setup.utilities.BaseUtils.initBaseUtils(BaseUtils.java:38)
	at com.setup.utilities.BaseUtils.<init>(BaseUtils.java:31)
	at com.page.classes.MakePayment.<init>(MakePayment.java:35)
	at com.setup.utilities.BaseUtils.initBaseUtils(BaseUtils.java:38)
	at com.setup.utilities.BaseUtils.<init>(BaseUtils.java:31)
	at com.page.classes.MakePayment.<init>(MakePayment.java:35)
	at com.setup.utilities.BaseUtils.initBaseUtils(BaseUtils.java:38)
	at com.setup.utilities.BaseUtils.<init>(BaseUtils.java:31)
	at com.page.classes.MakePayment.<init>(MakePayment.java:35)
	at com.setup.utilities.BaseUtils.initBaseUtils(BaseUtils.java:38)
	at com.setup.utilities.BaseUtils.<init>(BaseUtils.java:31)
	at com.page.classes.MakePayment.<init>(MakePayment.java:35)
	at com.setup.utilities.BaseUtils.initBaseUtils(BaseUtils.java:38)
	at com.setup.utilities.BaseUtils.<init>(BaseUtils.java:31)
	at com.page.classes.MakePayment.<init>(MakePayment.java:35)
	at com.setup.utilities.BaseUtils.initBaseUtils(BaseUtils.java:38)
	at com.setup.utilities.BaseUtils.<init>(BaseUtils.java:31)
	at com.page.classes.MakePayment.<init>(MakePayment.java:35)
	at com.setup.utilities.BaseUtils.initBaseUtils(BaseUtils.java:38)
	at com.setup.utilities.BaseUtils.<init>(BaseUtils.java:31)
	at com.page.classes.MakePayment.<init>(MakePayment.java:35)
	at com.setup.utilities.BaseUtils.initBaseUtils(BaseUtils.java:38)
	at com.setup.utilities.BaseUtils.<init>(BaseUtils.java:31)
	at com.page.classes.MakePayment.<init>(MakePayment.java:35)
	at com.setup.utilities.BaseUtils.initBaseUtils(BaseUtils.java:38)
	at com.setup.utilities.BaseUtils.<init>(BaseUtils.java:31)
	at com.page.classes.MakePayment.<init>(MakePayment.java:35)
	at com.setup.utilities.BaseUtils.initBaseUtils(BaseUtils.java:38)
	at com.setup.utilities.BaseUtils.<init>(BaseUtils.java:31)
	at com.page.classes.MakePayment.<init>(MakePayment.java:35)
	at com.setup.utilities.BaseUtils.initBaseUtils(BaseUtils.java:38)
	at com.setup.utilities.BaseUtils.<init>(BaseUtils.java:31)
	at com.page.classes.MakePayment.<init>(MakePayment.java:35)
	at com.setup.utilities.BaseUtils.initBaseUtils(BaseUtils.java:38)
	at com.setup.utilities.BaseUtils.<init>(BaseUtils.java:31)
	at com.page.classes.MakePayment.<init>(MakePayment.java:35)
	at com.setup.utilities.BaseUtils.initBaseUtils(BaseUtils.java:38)
	at com.setup.utilities.BaseUtils.<init>(BaseUtils.java:31)
	at com.page.classes.MakePayment.<init>(MakePayment.java:35)
	at com.setup.utilities.BaseUtils.initBaseUtils(BaseUtils.java:38)
	at com.setup.utilities.BaseUtils.<init>(BaseUtils.java:31)
	at com.page.classes.MakePayment.<init>(MakePayment.java:35)
	at com.setup.utilities.BaseUtils.initBaseUtils(BaseUtils.java:38)
	at com.setup.utilities.BaseUtils.<init>(BaseUtils.java:31)
	at com.page.classes.MakePayment.<init>(MakePayment.java:35)
	at com.setup.utilities.BaseUtils.initBaseUtils(BaseUtils.java:38)
	at com.setup.utilities.BaseUtils.<init>(BaseUtils.java:31)
	at com.page.classes.MakePayment.<init>(MakePayment.java:35)
	at com.setup.utilities.BaseUtils.initBaseUtils(BaseUtils.java:38)
	at com.setup.utilities.BaseUtils.<init>(BaseUtils.java:31)
	at com.page.classes.MakePayment.<init>(MakePayment.java:35)
	at com.setup.utilities.BaseUtils.initBaseUtils(BaseUtils.java:38)
	at com.setup.utilities.BaseUtils.<init>(BaseUtils.java:31)
	at com.page.classes.MakePayment.<init>(MakePayment.java:35)
	at com.setup.utilities.BaseUtils.initBaseUtils(BaseUtils.java:38)
	at com.setup.utilities.BaseUtils.<init>(BaseUtils.java:31)
	at com.page.classes.MakePayment.<init>(MakePayment.java:35)
	at com.setup.utilities.BaseUtils.initBaseUtils(BaseUtils.java:38)
	at com.setup.utilities.BaseUtils.<init>(BaseUtils.java:31)
	at com.page.classes.MakePayment.<init>(MakePayment.java:35)
	at com.setup.utilities.BaseUtils.initBaseUtils(BaseUtils.java:38)
	at com.setup.utilities.BaseUtils.<init>(BaseUtils.java:31)
	at com.page.classes.MakePayment.<init>(MakePayment.java:35)
	at com.setup.utilities.BaseUtils.initBaseUtils(BaseUtils.java:38)
	at com.setup.utilities.BaseUtils.<init>(BaseUtils.java:31)
	at com.page.classes.MakePayment.<init>(MakePayment.java:35)
	at com.setup.utilities.BaseUtils.initBaseUtils(BaseUtils.java:38)
	at com.setup.utilities.BaseUtils.<init>(BaseUtils.java:31)
	at com.page.classes.MakePayment.<init>(MakePayment.java:35)
	at com.setup.utilities.BaseUtils.initBaseUtils(BaseUtils.java:38)
	at com.setup.utilities.BaseUtils.<init>(BaseUtils.java:31)
	at com.page.classes.MakePayment.<init>(MakePayment.java:35)
	at com.setup.utilities.BaseUtils.initBaseUtils(BaseUtils.java:38)
	at com.setup.utilities.BaseUtils.<init>(BaseUtils.java:31)
	at com.page.classes.MakePayment.<init>(MakePayment.java:35)
	at com.setup.utilities.BaseUtils.initBaseUtils(BaseUtils.java:38)
	at com.setup.utilities.BaseUtils.<init>(BaseUtils.java:31)
	at com.page.classes.MakePayment.<init>(MakePayment.java:35)
	at com.setup.utilities.BaseUtils.initBaseUtils(BaseUtils.java:38)
	at com.setup.utilities.BaseUtils.<init>(BaseUtils.java:31)
	at com.page.classes.MakePayment.<init>(MakePayment.java:35)
	at com.setup.utilities.BaseUtils.initBaseUtils(BaseUtils.java:38)
	at com.setup.utilities.BaseUtils.<init>(BaseUtils.java:31)
	at com.page.classes.MakePayment.<init>(MakePayment.java:35)
	at com.setup.utilities.BaseUtils.initBaseUtils(BaseUtils.java:38)
	at com.setup.utilities.BaseUtils.<init>(BaseUtils.java:31)
	at com.page.classes.MakePayment.<init>(MakePayment.java:35)
	at com.setup.utilities.BaseUtils.initBaseUtils(BaseUtils.java:38)
	at com.setup.utilities.BaseUtils.<init>(BaseUtils.java:31)
	at com.page.classes.MakePayment.<init>(MakePayment.java:35)
	at com.setup.utilities.BaseUtils.initBaseUtils(BaseUtils.java:38)
	at com.setup.utilities.BaseUtils.<init>(BaseUtils.java:31)
	at com.page.classes.MakePayment.<init>(MakePayment.java:35)
	at com.setup.utilities.BaseUtils.initBaseUtils(BaseUtils.java:38)
	at com.setup.utilities.BaseUtils.<init>(BaseUtils.java:31)
	at com.page.classes.MakePayment.<init>(MakePayment.java:35)
	at com.setup.utilities.BaseUtils.initBaseUtils(BaseUtils.java:38)
	at com.setup.utilities.BaseUtils.<init>(BaseUtils.java:31)
	at com.page.classes.MakePayment.<init>(MakePayment.java:35)
	at com.setup.utilities.BaseUtils.initBaseUtils(BaseUtils.java:38)
	at com.setup.utilities.BaseUtils.<init>(BaseUtils.java:31)
	at com.page.classes.MakePayment.<init>(MakePayment.java:35)
	at com.setup.utilities.BaseUtils.initBaseUtils(BaseUtils.java:38)
	at com.setup.utilities.BaseUtils.<init>(BaseUtils.java:31)
	at com.page.classes.MakePayment.<init>(MakePayment.java:35)
	at com.setup.utilities.BaseUtils.initBaseUtils(BaseUtils.java:38)
	at com.setup.utilities.BaseUtils.<init>(BaseUtils.java:31)
	at com.page.classes.MakePayment.<init>(MakePayment.java:35)
	at com.setup.utilities.BaseUtils.initBaseUtils(BaseUtils.java:38)
	at com.setup.utilities.BaseUtils.<init>(BaseUtils.java:31)
	at com.page.classes.MakePayment.<init>(MakePayment.java:35)
	at com.setup.utilities.BaseUtils.initBaseUtils(BaseUtils.java:38)
	at com.setup.utilities.BaseUtils.<init>(BaseUtils.java:31)
	at com.page.classes.MakePayment.<init>(MakePayment.java:35)
	at com.setup.utilities.BaseUtils.initBaseUtils(BaseUtils.java:38)
	at com.setup.utilities.BaseUtils.<init>(BaseUtils.java:31)
	at com.page.classes.MakePayment.<init>(MakePayment.java:35)
	at com.setup.utilities.BaseUtils.initBaseUtils(BaseUtils.java:38)
	at com.setup.utilities.BaseUtils.<init>(BaseUtils.java:31)
	at com.page.classes.MakePayment.<init>(MakePayment.java:35)
	at com.setup.utilities.BaseUtils.initBaseUtils(BaseUtils.java:38)
	at com.setup.utilities.BaseUtils.<init>(BaseUtils.java:31)
	at com.page.classes.MakePayment.<init>(MakePayment.java:35)
	at com.setup.utilities.BaseUtils.initBaseUtils(BaseUtils.java:38)
	at com.setup.utilities.BaseUtils.<init>(BaseUtils.java:31)
	at com.page.classes.MakePayment.<init>(MakePayment.java:35)
	at com.setup.utilities.BaseUtils.initBaseUtils(BaseUtils.java:38)
	at com.setup.utilities.BaseUtils.<init>(BaseUtils.java:31)
	at com.page.classes.MakePayment.<init>(MakePayment.java:35)
	at com.setup.utilities.BaseUtils.initBaseUtils(BaseUtils.java:38)
	at com.setup.utilities.BaseUtils.<init>(BaseUtils.java:31)
	at com.page.classes.MakePayment.<init>(MakePayment.java:35)
	at com.setup.utilities.BaseUtils.initBaseUtils(BaseUtils.java:38)
	at com.setup.utilities.BaseUtils.<init>(BaseUtils.java:31)
	at com.page.classes.MakePayment.<init>(MakePayment.java:35)
	at com.setup.utilities.BaseUtils.initBaseUtils(BaseUtils.java:38)
	at com.setup.utilities.BaseUtils.<init>(BaseUtils.java:31)
	at com.page.classes.MakePayment.<init>(MakePayment.java:35)
	at com.setup.utilities.BaseUtils.initBaseUtils(BaseUtils.java:38)
	at com.setup.utilities.BaseUtils.<init>(BaseUtils.java:31)
	at com.page.classes.MakePayment.<init>(MakePayment.java:35)
	at com.setup.utilities.BaseUtils.initBaseUtils(BaseUtils.java:38)
	at com.setup.utilities.BaseUtils.<init>(BaseUtils.java:31)
	at com.page.classes.MakePayment.<init>(MakePayment.java:35)
]]>
    </failure>
  </testcase> <!-- @BeforeSuite beforeSuite -->
  <testcase name="TS_PaymentMethod" time="0.0" classname="com.test.classes.PaymentTestCase">
    <skipped/>
  </testcase> <!-- TS_PaymentMethod -->
</testsuite> <!-- Default test -->
