<?xml version="1.0" encoding="UTF-8"?>
<testng-results skipped="1" failed="0" total="1" passed="0">
  <reporter-output>
  </reporter-output>
  <suite name="Default suite" duration-ms="2774" started-at="2020-07-13T19:28:10Z" finished-at="2020-07-13T19:28:13Z">
    <groups>
    </groups>
    <test name="Default test" duration-ms="2774" started-at="2020-07-13T19:28:10Z" finished-at="2020-07-13T19:28:13Z">
      <class name="com.test.classes.PaymentTestCase">
        <test-method status="FAIL" signature="beforeSuite()[pri:0, instance:com.test.classes.PaymentTestCase@1412c2f]" name="beforeSuite" is-config="true" duration-ms="0" started-at="2020-07-14T00:58:03Z" finished-at="2020-07-14T00:58:03Z">
          <exception class="java.lang.StackOverflowError">
            <full-stacktrace>
              <![CDATA[java.lang.StackOverflowError
	at com.sun.proxy.$Proxy7.how(Unknown Source)
	at org.openqa.selenium.support.AbstractFindByBuilder.assertValidFindBy(AbstractFindByBuilder.java:89)
	at org.openqa.selenium.support.FindBy$FindByBuilder.buildIt(FindBy.java:82)
	at org.openqa.selenium.support.pagefactory.Annotations.buildBy(Annotations.java:77)
	at org.openqa.selenium.support.pagefactory.DefaultElementLocator.<init>(DefaultElementLocator.java:58)
	at org.openqa.selenium.support.pagefactory.DefaultElementLocator.<init>(DefaultElementLocator.java:46)
	at org.openqa.selenium.support.pagefactory.DefaultElementLocatorFactory.createLocator(DefaultElementLocatorFactory.java:32)
	at org.openqa.selenium.support.pagefactory.DefaultFieldDecorator.decorate(DefaultFieldDecorator.java:56)
	at org.openqa.selenium.support.PageFactory.proxyFields(PageFactory.java:113)
	at org.openqa.selenium.support.PageFactory.initElements(PageFactory.java:105)
	at org.openqa.selenium.support.PageFactory.initElements(PageFactory.java:92)
	at org.openqa.selenium.support.PageFactory.initElements(PageFactory.java:79)
	at com.page.classes.MakePayment.<init>(MakePayment.java:34)
	at com.setup.utilities.BaseUtils.initBaseUtils(BaseUtils.java:38)
	at com.setup.utilities.BaseUtils.<init>(BaseUtils.java:31)
	at com.page.classes.MakePayment.<init>(MakePayment.java:35)
	at com.setup.utilities.BaseUtils.initBaseUtils(BaseUtils.java:38)
	at com.setup.utilities.BaseUtils.<init>(BaseUtils.java:31)
	at com.page.classes.MakePayment.<init>(MakePayment.java:35)
	at com.setup.utilities.BaseUtils.initBaseUtils(BaseUtils.java:38)
	at com.setup.utilities.BaseUtils.<init>(BaseUtils.java:31)
	at com.page.classes.MakePayment.<init>(MakePayment.java:35)
	at com.setup.utilities.BaseUtils.initBaseUtils(BaseUtils.java:38)
	at com.setup.utilities.BaseUtils.<init>(BaseUtils.java:31)
	at com.page.classes.MakePayment.<init>(MakePayment.java:35)
	at com.setup.utilities.BaseUtils.initBaseUtils(BaseUtils.java:38)
	at com.setup.utilities.BaseUtils.<init>(BaseUtils.java:31)
	at com.page.classes.MakePayment.<init>(MakePayment.java:35)
	at com.setup.utilities.BaseUtils.initBaseUtils(BaseUtils.java:38)
	at com.setup.utilities.BaseUtils.<init>(BaseUtils.java:31)
	at com.page.classes.MakePayment.<init>(MakePayment.java:35)
	at com.setup.utilities.BaseUtils.initBaseUtils(BaseUtils.java:38)
	at com.setup.utilities.BaseUtils.<init>(BaseUtils.java:31)
	at com.page.classes.MakePayment.<init>(MakePayment.java:35)
	at com.setup.utilities.BaseUtils.initBaseUtils(BaseUtils.java:38)
	at com.setup.utilities.BaseUtils.<init>(BaseUtils.java:31)
	at com.page.classes.MakePayment.<init>(MakePayment.java:35)
	at com.setup.utilities.BaseUtils.initBaseUtils(BaseUtils.java:38)
	at com.setup.utilities.BaseUtils.<init>(BaseUtils.java:31)
	at com.page.classes.MakePayment.<init>(MakePayment.java:35)
	at com.setup.utilities.BaseUtils.initBaseUtils(BaseUtils.java:38)
	at com.setup.utilities.BaseUtils.<init>(BaseUtils.java:31)
	at com.page.classes.MakePayment.<init>(MakePayment.java:35)
	at com.setup.utilities.BaseUtils.initBaseUtils(BaseUtils.java:38)
	at com.setup.utilities.BaseUtils.<init>(BaseUtils.java:31)
	at com.page.classes.MakePayment.<init>(MakePayment.java:35)
	at com.setup.utilities.BaseUtils.initBaseUtils(BaseUtils.java:38)
	at com.setup.utilities.BaseUtils.<init>(BaseUtils.java:31)
	at com.page.classes.MakePayment.<init>(MakePayment.java:35)
	at com.setup.utilities.BaseUtils.initBaseUtils(BaseUtils.java:38)
	at com.setup.utilities.BaseUtils.<init>(BaseUtils.java:31)
	at com.page.classes.MakePayment.<init>(MakePayment.java:35)
	at com.setup.utilities.BaseUtils.initBaseUtils(BaseUtils.java:38)
	at com.setup.utilities.BaseUtils.<init>(BaseUtils.java:31)
	at com.page.classes.MakePayment.<init>(MakePayment.java:35)
	at com.setup.utilities.BaseUtils.initBaseUtils(BaseUtils.java:38)
	at com.setup.utilities.BaseUtils.<init>(BaseUtils.java:31)
	at com.page.classes.MakePayment.<init>(MakePayment.java:35)
	at com.setup.utilities.BaseUtils.initBaseUtils(BaseUtils.java:38)
	at com.setup.utilities.BaseUtils.<init>(BaseUtils.java:31)
	at com.page.classes.MakePayment.<init>(MakePayment.java:35)
	at com.setup.utilities.BaseUtils.initBaseUtils(BaseUtils.java:38)
	at com.setup.utilities.BaseUtils.<init>(BaseUtils.java:31)
	at com.page.classes.MakePayment.<init>(MakePayment.java:35)
	at com.setup.utilities.BaseUtils.initBaseUtils(BaseUtils.java:38)
	at com.setup.utilities.BaseUtils.<init>(BaseUtils.java:31)
	at com.page.classes.MakePayment.<init>(MakePayment.java:35)
	at com.setup.utilities.BaseUtils.initBaseUtils(BaseUtils.java:38)
	at com.setup.utilities.BaseUtils.<init>(BaseUtils.java:31)
	at com.page.classes.MakePayment.<init>(MakePayment.java:35)
	at com.setup.utilities.BaseUtils.initBaseUtils(BaseUtils.java:38)
	at com.setup.utilities.BaseUtils.<init>(BaseUtils.java:31)
	at com.page.classes.MakePayment.<init>(MakePayment.java:35)
	at com.setup.utilities.BaseUtils.initBaseUtils(BaseUtils.java:38)
	at com.setup.utilities.BaseUtils.<init>(BaseUtils.java:31)
	at com.page.classes.MakePayment.<init>(MakePayment.java:35)
	at com.setup.utilities.BaseUtils.initBaseUtils(BaseUtils.java:38)
	at com.setup.utilities.BaseUtils.<init>(BaseUtils.java:31)
	at com.page.classes.MakePayment.<init>(MakePayment.java:35)
	at com.setup.utilities.BaseUtils.initBaseUtils(BaseUtils.java:38)
	at com.setup.utilities.BaseUtils.<init>(BaseUtils.java:31)
	at com.page.classes.MakePayment.<init>(MakePayment.java:35)
	at com.setup.utilities.BaseUtils.initBaseUtils(BaseUtils.java:38)
	at com.setup.utilities.BaseUtils.<init>(BaseUtils.java:31)
	at com.page.classes.MakePayment.<init>(MakePayment.java:35)
	at com.setup.utilities.BaseUtils.initBaseUtils(BaseUtils.java:38)
	at com.setup.utilities.BaseUtils.<init>(BaseUtils.java:31)
	at com.page.classes.MakePayment.<init>(MakePayment.java:35)
	at com.setup.utilities.BaseUtils.initBaseUtils(BaseUtils.java:38)
	at com.setup.utilities.BaseUtils.<init>(BaseUtils.java:31)
	at com.page.classes.MakePayment.<init>(MakePayment.java:35)
	at com.setup.utilities.BaseUtils.initBaseUtils(BaseUtils.java:38)
	at com.setup.utilities.BaseUtils.<init>(BaseUtils.java:31)
	at com.page.classes.MakePayment.<init>(MakePayment.java:35)
	at com.setup.utilities.BaseUtils.initBaseUtils(BaseUtils.java:38)
	at com.setup.utilities.BaseUtils.<init>(BaseUtils.java:31)
	at com.page.classes.MakePayment.<init>(MakePayment.java:35)
	at com.setup.utilities.BaseUtils.initBaseUtils(BaseUtils.java:38)
	at com.setup.utilities.BaseUtils.<init>(BaseUtils.java:31)
	at com.page.classes.MakePayment.<init>(MakePayment.java:35)
	at com.setup.utilities.BaseUtils.initBaseUtils(BaseUtils.java:38)
	at com.setup.utilities.BaseUtils.<init>(BaseUtils.java:31)
	at com.page.classes.MakePayment.<init>(MakePayment.java:35)
	at com.setup.utilities.BaseUtils.initBaseUtils(BaseUtils.java:38)
	at com.setup.utilities.BaseUtils.<init>(BaseUtils.java:31)
	at com.page.classes.MakePayment.<init>(MakePayment.java:35)
	at com.setup.utilities.BaseUtils.initBaseUtils(BaseUtils.java:38)
	at com.setup.utilities.BaseUtils.<init>(BaseUtils.java:31)
	at com.page.classes.MakePayment.<init>(MakePayment.java:35)
	at com.setup.utilities.BaseUtils.initBaseUtils(BaseUtils.java:38)
	at com.setup.utilities.BaseUtils.<init>(BaseUtils.java:31)
	at com.page.classes.MakePayment.<init>(MakePayment.java:35)
	at com.setup.utilities.BaseUtils.initBaseUtils(BaseUtils.java:38)
	at com.setup.utilities.BaseUtils.<init>(BaseUtils.java:31)
	at com.page.classes.MakePayment.<init>(MakePayment.java:35)
	at com.setup.utilities.BaseUtils.initBaseUtils(BaseUtils.java:38)
	at com.setup.utilities.BaseUtils.<init>(BaseUtils.java:31)
	at com.page.classes.MakePayment.<init>(MakePayment.java:35)
	at com.setup.utilities.BaseUtils.initBaseUtils(BaseUtils.java:38)
	at com.setup.utilities.BaseUtils.<init>(BaseUtils.java:31)
	at com.page.classes.MakePayment.<init>(MakePayment.java:35)
	at com.setup.utilities.BaseUtils.initBaseUtils(BaseUtils.java:38)
	at com.setup.utilities.BaseUtils.<init>(BaseUtils.java:31)
	at com.page.classes.MakePayment.<init>(MakePayment.java:35)
	at com.setup.utilities.BaseUtils.initBaseUtils(BaseUtils.java:38)
	at com.setup.utilities.BaseUtils.<init>(BaseUtils.java:31)
	at com.page.classes.MakePayment.<init>(MakePayment.java:35)
	at com.setup.utilities.BaseUtils.initBaseUtils(BaseUtils.java:38)
	at com.setup.utilities.BaseUtils.<init>(BaseUtils.java:31)
	at com.page.classes.MakePayment.<init>(MakePayment.java:35)
	at com.setup.utilities.BaseUtils.initBaseUtils(BaseUtils.java:38)
	at com.setup.utilities.BaseUtils.<init>(BaseUtils.java:31)
	at com.page.classes.MakePayment.<init>(MakePayment.java:35)
	at com.setup.utilities.BaseUtils.initBaseUtils(BaseUtils.java:38)
	at com.setup.utilities.BaseUtils.<init>(BaseUtils.java:31)
	at com.page.classes.MakePayment.<init>(MakePayment.java:35)
	at com.setup.utilities.BaseUtils.initBaseUtils(BaseUtils.java:38)
	at com.setup.utilities.BaseUtils.<init>(BaseUtils.java:31)
	at com.page.classes.MakePayment.<init>(MakePayment.java:35)
	at com.setup.utilities.BaseUtils.initBaseUtils(BaseUtils.java:38)
	at com.setup.utilities.BaseUtils.<init>(BaseUtils.java:31)
	at com.page.classes.MakePayment.<init>(MakePayment.java:35)
	at com.setup.utilities.BaseUtils.initBaseUtils(BaseUtils.java:38)
	at com.setup.utilities.BaseUtils.<init>(BaseUtils.java:31)
	at com.page.classes.MakePayment.<init>(MakePayment.java:35)
	at com.setup.utilities.BaseUtils.initBaseUtils(BaseUtils.java:38)
	at com.setup.utilities.BaseUtils.<init>(BaseUtils.java:31)
	at com.page.classes.MakePayment.<init>(MakePayment.java:35)
	at com.setup.utilities.BaseUtils.initBaseUtils(BaseUtils.java:38)
	at com.setup.utilities.BaseUtils.<init>(BaseUtils.java:31)
	at com.page.classes.MakePayment.<init>(MakePayment.java:35)
	at com.setup.utilities.BaseUtils.initBaseUtils(BaseUtils.java:38)
	at com.setup.utilities.BaseUtils.<init>(BaseUtils.java:31)
	at com.page.classes.MakePayment.<init>(MakePayment.java:35)
	at com.setup.utilities.BaseUtils.initBaseUtils(BaseUtils.java:38)
	at com.setup.utilities.BaseUtils.<init>(BaseUtils.java:31)
	at com.page.classes.MakePayment.<init>(MakePayment.java:35)
	at com.setup.utilities.BaseUtils.initBaseUtils(BaseUtils.java:38)
	at com.setup.utilities.BaseUtils.<init>(BaseUtils.java:31)
	at com.page.classes.MakePayment.<init>(MakePayment.java:35)
	at com.setup.utilities.BaseUtils.initBaseUtils(BaseUtils.java:38)
	at com.setup.utilities.BaseUtils.<init>(BaseUtils.java:31)
	at com.page.classes.MakePayment.<init>(MakePayment.java:35)
	at com.setup.utilities.BaseUtils.initBaseUtils(BaseUtils.java:38)
	at com.setup.utilities.BaseUtils.<init>(BaseUtils.java:31)
	at com.page.classes.MakePayment.<init>(MakePayment.java:35)
	at com.setup.utilities.BaseUtils.initBaseUtils(BaseUtils.java:38)
	at com.setup.utilities.BaseUtils.<init>(BaseUtils.java:31)
	at com.page.classes.MakePayment.<init>(MakePayment.java:35)
	at com.setup.utilities.BaseUtils.initBaseUtils(BaseUtils.java:38)
	at com.setup.utilities.BaseUtils.<init>(BaseUtils.java:31)
	at com.page.classes.MakePayment.<init>(MakePayment.java:35)
	at com.setup.utilities.BaseUtils.initBaseUtils(BaseUtils.java:38)
	at com.setup.utilities.BaseUtils.<init>(BaseUtils.java:31)
	at com.page.classes.MakePayment.<init>(MakePayment.java:35)
	at com.setup.utilities.BaseUtils.initBaseUtils(BaseUtils.java:38)
	at com.setup.utilities.BaseUtils.<init>(BaseUtils.java:31)
	at com.page.classes.MakePayment.<init>(MakePayment.java:35)
	at com.setup.utilities.BaseUtils.initBaseUtils(BaseUtils.java:38)
	at com.setup.utilities.BaseUtils.<init>(BaseUtils.java:31)
	at com.page.classes.MakePayment.<init>(MakePayment.java:35)
	at com.setup.utilities.BaseUtils.initBaseUtils(BaseUtils.java:38)
	at com.setup.utilities.BaseUtils.<init>(BaseUtils.java:31)
	at com.page.classes.MakePayment.<init>(MakePayment.java:35)
	at com.setup.utilities.BaseUtils.initBaseUtils(BaseUtils.java:38)
	at com.setup.utilities.BaseUtils.<init>(BaseUtils.java:31)
	at com.page.classes.MakePayment.<init>(MakePayment.java:35)
	at com.setup.utilities.BaseUtils.initBaseUtils(BaseUtils.java:38)
	at com.setup.utilities.BaseUtils.<init>(BaseUtils.java:31)
	at com.page.classes.MakePayment.<init>(MakePayment.java:35)
	at com.setup.utilities.BaseUtils.initBaseUtils(BaseUtils.java:38)
	at com.setup.utilities.BaseUtils.<init>(BaseUtils.java:31)
	at com.page.classes.MakePayment.<init>(MakePayment.java:35)
	at com.setup.utilities.BaseUtils.initBaseUtils(BaseUtils.java:38)
	at com.setup.utilities.BaseUtils.<init>(BaseUtils.java:31)
	at com.page.classes.MakePayment.<init>(MakePayment.java:35)
	at com.setup.utilities.BaseUtils.initBaseUtils(BaseUtils.java:38)
	at com.setup.utilities.BaseUtils.<init>(BaseUtils.java:31)
	at com.page.classes.MakePayment.<init>(MakePayment.java:35)
	at com.setup.utilities.BaseUtils.initBaseUtils(BaseUtils.java:38)
	at com.setup.utilities.BaseUtils.<init>(BaseUtils.java:31)
	at com.page.classes.MakePayment.<init>(MakePayment.java:35)
	at com.setup.utilities.BaseUtils.initBaseUtils(BaseUtils.java:38)
	at com.setup.utilities.BaseUtils.<init>(BaseUtils.java:31)
	at com.page.classes.MakePayment.<init>(MakePayment.java:35)
	at com.setup.utilities.BaseUtils.initBaseUtils(BaseUtils.java:38)
	at com.setup.utilities.BaseUtils.<init>(BaseUtils.java:31)
	at com.page.classes.MakePayment.<init>(MakePayment.java:35)
	at com.setup.utilities.BaseUtils.initBaseUtils(BaseUtils.java:38)
	at com.setup.utilities.BaseUtils.<init>(BaseUtils.java:31)
	at com.page.classes.MakePayment.<init>(MakePayment.java:35)
	at com.setup.utilities.BaseUtils.initBaseUtils(BaseUtils.java:38)
	at com.setup.utilities.BaseUtils.<init>(BaseUtils.java:31)
	at com.page.classes.MakePayment.<init>(MakePayment.java:35)
	at com.setup.utilities.BaseUtils.initBaseUtils(BaseUtils.java:38)
	at com.setup.utilities.BaseUtils.<init>(BaseUtils.java:31)
	at com.page.classes.MakePayment.<init>(MakePayment.java:35)
	at com.setup.utilities.BaseUtils.initBaseUtils(BaseUtils.java:38)
	at com.setup.utilities.BaseUtils.<init>(BaseUtils.java:31)
	at com.page.classes.MakePayment.<init>(MakePayment.java:35)
	at com.setup.utilities.BaseUtils.initBaseUtils(BaseUtils.java:38)
	at com.setup.utilities.BaseUtils.<init>(BaseUtils.java:31)
	at com.page.classes.MakePayment.<init>(MakePayment.java:35)
	at com.setup.utilities.BaseUtils.initBaseUtils(BaseUtils.java:38)
	at com.setup.utilities.BaseUtils.<init>(BaseUtils.java:31)
	at com.page.classes.MakePayment.<init>(MakePayment.java:35)
	at com.setup.utilities.BaseUtils.initBaseUtils(BaseUtils.java:38)
	at com.setup.utilities.BaseUtils.<init>(BaseUtils.java:31)
	at com.page.classes.MakePayment.<init>(MakePayment.java:35)
	at com.setup.utilities.BaseUtils.initBaseUtils(BaseUtils.java:38)
	at com.setup.utilities.BaseUtils.<init>(BaseUtils.java:31)
	at com.page.classes.MakePayment.<init>(MakePayment.java:35)
	at com.setup.utilities.BaseUtils.initBaseUtils(BaseUtils.java:38)
	at com.setup.utilities.BaseUtils.<init>(BaseUtils.java:31)
	at com.page.classes.MakePayment.<init>(MakePayment.java:35)
	at com.setup.utilities.BaseUtils.initBaseUtils(BaseUtils.java:38)
	at com.setup.utilities.BaseUtils.<init>(BaseUtils.java:31)
	at com.page.classes.MakePayment.<init>(MakePayment.java:35)
	at com.setup.utilities.BaseUtils.initBaseUtils(BaseUtils.java:38)
	at com.setup.utilities.BaseUtils.<init>(BaseUtils.java:31)
	at com.page.classes.MakePayment.<init>(MakePayment.java:35)
	at com.setup.utilities.BaseUtils.initBaseUtils(BaseUtils.java:38)
	at com.setup.utilities.BaseUtils.<init>(BaseUtils.java:31)
	at com.page.classes.MakePayment.<init>(MakePayment.java:35)
	at com.setup.utilities.BaseUtils.initBaseUtils(BaseUtils.java:38)
	at com.setup.utilities.BaseUtils.<init>(BaseUtils.java:31)
	at com.page.classes.MakePayment.<init>(MakePayment.java:35)
	at com.setup.utilities.BaseUtils.initBaseUtils(BaseUtils.java:38)
	at com.setup.utilities.BaseUtils.<init>(BaseUtils.java:31)
	at com.page.classes.MakePayment.<init>(MakePayment.java:35)
	at com.setup.utilities.BaseUtils.initBaseUtils(BaseUtils.java:38)
	at com.setup.utilities.BaseUtils.<init>(BaseUtils.java:31)
	at com.page.classes.MakePayment.<init>(MakePayment.java:35)
	at com.setup.utilities.BaseUtils.initBaseUtils(BaseUtils.java:38)
	at com.setup.utilities.BaseUtils.<init>(BaseUtils.java:31)
	at com.page.classes.MakePayment.<init>(MakePayment.java:35)
	at com.setup.utilities.BaseUtils.initBaseUtils(BaseUtils.java:38)
	at com.setup.utilities.BaseUtils.<init>(BaseUtils.java:31)
	at com.page.classes.MakePayment.<init>(MakePayment.java:35)
	at com.setup.utilities.BaseUtils.initBaseUtils(BaseUtils.java:38)
	at com.setup.utilities.BaseUtils.<init>(BaseUtils.java:31)
	at com.page.classes.MakePayment.<init>(MakePayment.java:35)
	at com.setup.utilities.BaseUtils.initBaseUtils(BaseUtils.java:38)
	at com.setup.utilities.BaseUtils.<init>(BaseUtils.java:31)
	at com.page.classes.MakePayment.<init>(MakePayment.java:35)
	at com.setup.utilities.BaseUtils.initBaseUtils(BaseUtils.java:38)
	at com.setup.utilities.BaseUtils.<init>(BaseUtils.java:31)
	at com.page.classes.MakePayment.<init>(MakePayment.java:35)
	at com.setup.utilities.BaseUtils.initBaseUtils(BaseUtils.java:38)
	at com.setup.utilities.BaseUtils.<init>(BaseUtils.java:31)
	at com.page.classes.MakePayment.<init>(MakePayment.java:35)
	at com.setup.utilities.BaseUtils.initBaseUtils(BaseUtils.java:38)
	at com.setup.utilities.BaseUtils.<init>(BaseUtils.java:31)
	at com.page.classes.MakePayment.<init>(MakePayment.java:35)
	at com.setup.utilities.BaseUtils.initBaseUtils(BaseUtils.java:38)
	at com.setup.utilities.BaseUtils.<init>(BaseUtils.java:31)
	at com.page.classes.MakePayment.<init>(MakePayment.java:35)
	at com.setup.utilities.BaseUtils.initBaseUtils(BaseUtils.java:38)
	at com.setup.utilities.BaseUtils.<init>(BaseUtils.java:31)
	at com.page.classes.MakePayment.<init>(MakePayment.java:35)
	at com.setup.utilities.BaseUtils.initBaseUtils(BaseUtils.java:38)
	at com.setup.utilities.BaseUtils.<init>(BaseUtils.java:31)
	at com.page.classes.MakePayment.<init>(MakePayment.java:35)
	at com.setup.utilities.BaseUtils.initBaseUtils(BaseUtils.java:38)
	at com.setup.utilities.BaseUtils.<init>(BaseUtils.java:31)
	at com.page.classes.MakePayment.<init>(MakePayment.java:35)
	at com.setup.utilities.BaseUtils.initBaseUtils(BaseUtils.java:38)
	at com.setup.utilities.BaseUtils.<init>(BaseUtils.java:31)
	at com.page.classes.MakePayment.<init>(MakePayment.java:35)
	at com.setup.utilities.BaseUtils.initBaseUtils(BaseUtils.java:38)
	at com.setup.utilities.BaseUtils.<init>(BaseUtils.java:31)
	at com.page.classes.MakePayment.<init>(MakePayment.java:35)
	at com.setup.utilities.BaseUtils.initBaseUtils(BaseUtils.java:38)
	at com.setup.utilities.BaseUtils.<init>(BaseUtils.java:31)
	at com.page.classes.MakePayment.<init>(MakePayment.java:35)
	at com.setup.utilities.BaseUtils.initBaseUtils(BaseUtils.java:38)
	at com.setup.utilities.BaseUtils.<init>(BaseUtils.java:31)
	at com.page.classes.MakePayment.<init>(MakePayment.java:35)
	at com.setup.utilities.BaseUtils.initBaseUtils(BaseUtils.java:38)
	at com.setup.utilities.BaseUtils.<init>(BaseUtils.java:31)
	at com.page.classes.MakePayment.<init>(MakePayment.java:35)
	at com.setup.utilities.BaseUtils.initBaseUtils(BaseUtils.java:38)
	at com.setup.utilities.BaseUtils.<init>(BaseUtils.java:31)
	at com.page.classes.MakePayment.<init>(MakePayment.java:35)
	at com.setup.utilities.BaseUtils.initBaseUtils(BaseUtils.java:38)
	at com.setup.utilities.BaseUtils.<init>(BaseUtils.java:31)
	at com.page.classes.MakePayment.<init>(MakePayment.java:35)
	at com.setup.utilities.BaseUtils.initBaseUtils(BaseUtils.java:38)
	at com.setup.utilities.BaseUtils.<init>(BaseUtils.java:31)
	at com.page.classes.MakePayment.<init>(MakePayment.java:35)
	at com.setup.utilities.BaseUtils.initBaseUtils(BaseUtils.java:38)
	at com.setup.utilities.BaseUtils.<init>(BaseUtils.java:31)
	at com.page.classes.MakePayment.<init>(MakePayment.java:35)
	at com.setup.utilities.BaseUtils.initBaseUtils(BaseUtils.java:38)
	at com.setup.utilities.BaseUtils.<init>(BaseUtils.java:31)
	at com.page.classes.MakePayment.<init>(MakePayment.java:35)
	at com.setup.utilities.BaseUtils.initBaseUtils(BaseUtils.java:38)
	at com.setup.utilities.BaseUtils.<init>(BaseUtils.java:31)
	at com.page.classes.MakePayment.<init>(MakePayment.java:35)
	at com.setup.utilities.BaseUtils.initBaseUtils(BaseUtils.java:38)
	at com.setup.utilities.BaseUtils.<init>(BaseUtils.java:31)
	at com.page.classes.MakePayment.<init>(MakePayment.java:35)
	at com.setup.utilities.BaseUtils.initBaseUtils(BaseUtils.java:38)
	at com.setup.utilities.BaseUtils.<init>(BaseUtils.java:31)
	at com.page.classes.MakePayment.<init>(MakePayment.java:35)
	at com.setup.utilities.BaseUtils.initBaseUtils(BaseUtils.java:38)
	at com.setup.utilities.BaseUtils.<init>(BaseUtils.java:31)
	at com.page.classes.MakePayment.<init>(MakePayment.java:35)
	at com.setup.utilities.BaseUtils.initBaseUtils(BaseUtils.java:38)
	at com.setup.utilities.BaseUtils.<init>(BaseUtils.java:31)
	at com.page.classes.MakePayment.<init>(MakePayment.java:35)
	at com.setup.utilities.BaseUtils.initBaseUtils(BaseUtils.java:38)
	at com.setup.utilities.BaseUtils.<init>(BaseUtils.java:31)
	at com.page.classes.MakePayment.<init>(MakePayment.java:35)
	at com.setup.utilities.BaseUtils.initBaseUtils(BaseUtils.java:38)
	at com.setup.utilities.BaseUtils.<init>(BaseUtils.java:31)
	at com.page.classes.MakePayment.<init>(MakePayment.java:35)
	at com.setup.utilities.BaseUtils.initBaseUtils(BaseUtils.java:38)
	at com.setup.utilities.BaseUtils.<init>(BaseUtils.java:31)
	at com.page.classes.MakePayment.<init>(MakePayment.java:35)
	at com.setup.utilities.BaseUtils.initBaseUtils(BaseUtils.java:38)
	at com.setup.utilities.BaseUtils.<init>(BaseUtils.java:31)
	at com.page.classes.MakePayment.<init>(MakePayment.java:35)
	at com.setup.utilities.BaseUtils.initBaseUtils(BaseUtils.java:38)
	at com.setup.utilities.BaseUtils.<init>(BaseUtils.java:31)
	at com.page.classes.MakePayment.<init>(MakePayment.java:35)
	at com.setup.utilities.BaseUtils.initBaseUtils(BaseUtils.java:38)
	at com.setup.utilities.BaseUtils.<init>(BaseUtils.java:31)
	at com.page.classes.MakePayment.<init>(MakePayment.java:35)
	at com.setup.utilities.BaseUtils.initBaseUtils(BaseUtils.java:38)
	at com.setup.utilities.BaseUtils.<init>(BaseUtils.java:31)
	at com.page.classes.MakePayment.<init>(MakePayment.java:35)
	at com.setup.utilities.BaseUtils.initBaseUtils(BaseUtils.java:38)
	at com.setup.utilities.BaseUtils.<init>(BaseUtils.java:31)
	at com.page.classes.MakePayment.<init>(MakePayment.java:35)
	at com.setup.utilities.BaseUtils.initBaseUtils(BaseUtils.java:38)
	at com.setup.utilities.BaseUtils.<init>(BaseUtils.java:31)
	at com.page.classes.MakePayment.<init>(MakePayment.java:35)
	at com.setup.utilities.BaseUtils.initBaseUtils(BaseUtils.java:38)
	at com.setup.utilities.BaseUtils.<init>(BaseUtils.java:31)
	at com.page.classes.MakePayment.<init>(MakePayment.java:35)
	at com.setup.utilities.BaseUtils.initBaseUtils(BaseUtils.java:38)
	at com.setup.utilities.BaseUtils.<init>(BaseUtils.java:31)
	at com.page.classes.MakePayment.<init>(MakePayment.java:35)
	at com.setup.utilities.BaseUtils.initBaseUtils(BaseUtils.java:38)
	at com.setup.utilities.BaseUtils.<init>(BaseUtils.java:31)
	at com.page.classes.MakePayment.<init>(MakePayment.java:35)
	at com.setup.utilities.BaseUtils.initBaseUtils(BaseUtils.java:38)
	at com.setup.utilities.BaseUtils.<init>(BaseUtils.java:31)
	at com.page.classes.MakePayment.<init>(MakePayment.java:35)
	at com.setup.utilities.BaseUtils.initBaseUtils(BaseUtils.java:38)
	at com.setup.utilities.BaseUtils.<init>(BaseUtils.java:31)
	at com.page.classes.MakePayment.<init>(MakePayment.java:35)
	at com.setup.utilities.BaseUtils.initBaseUtils(BaseUtils.java:38)
	at com.setup.utilities.BaseUtils.<init>(BaseUtils.java:31)
	at com.page.classes.MakePayment.<init>(MakePayment.java:35)
	at com.setup.utilities.BaseUtils.initBaseUtils(BaseUtils.java:38)
	at com.setup.utilities.BaseUtils.<init>(BaseUtils.java:31)
	at com.page.classes.MakePayment.<init>(MakePayment.java:35)
	at com.setup.utilities.BaseUtils.initBaseUtils(BaseUtils.java:38)
	at com.setup.utilities.BaseUtils.<init>(BaseUtils.java:31)
	at com.page.classes.MakePayment.<init>(MakePayment.java:35)
	at com.setup.utilities.BaseUtils.initBaseUtils(BaseUtils.java:38)
	at com.setup.utilities.BaseUtils.<init>(BaseUtils.java:31)
	at com.page.classes.MakePayment.<init>(MakePayment.java:35)
	at com.setup.utilities.BaseUtils.initBaseUtils(BaseUtils.java:38)
	at com.setup.utilities.BaseUtils.<init>(BaseUtils.java:31)
	at com.page.classes.MakePayment.<init>(MakePayment.java:35)
	at com.setup.utilities.BaseUtils.initBaseUtils(BaseUtils.java:38)
	at com.setup.utilities.BaseUtils.<init>(BaseUtils.java:31)
	at com.page.classes.MakePayment.<init>(MakePayment.java:35)
	at com.setup.utilities.BaseUtils.initBaseUtils(BaseUtils.java:38)
	at com.setup.utilities.BaseUtils.<init>(BaseUtils.java:31)
	at com.page.classes.MakePayment.<init>(MakePayment.java:35)
	at com.setup.utilities.BaseUtils.initBaseUtils(BaseUtils.java:38)
	at com.setup.utilities.BaseUtils.<init>(BaseUtils.java:31)
	at com.page.classes.MakePayment.<init>(MakePayment.java:35)
	at com.setup.utilities.BaseUtils.initBaseUtils(BaseUtils.java:38)
	at com.setup.utilities.BaseUtils.<init>(BaseUtils.java:31)
	at com.page.classes.MakePayment.<init>(MakePayment.java:35)
	at com.setup.utilities.BaseUtils.initBaseUtils(BaseUtils.java:38)
	at com.setup.utilities.BaseUtils.<init>(BaseUtils.java:31)
	at com.page.classes.MakePayment.<init>(MakePayment.java:35)
	at com.setup.utilities.BaseUtils.initBaseUtils(BaseUtils.java:38)
	at com.setup.utilities.BaseUtils.<init>(BaseUtils.java:31)
	at com.page.classes.MakePayment.<init>(MakePayment.java:35)
	at com.setup.utilities.BaseUtils.initBaseUtils(BaseUtils.java:38)
	at com.setup.utilities.BaseUtils.<init>(BaseUtils.java:31)
	at com.page.classes.MakePayment.<init>(MakePayment.java:35)
	at com.setup.utilities.BaseUtils.initBaseUtils(BaseUtils.java:38)
	at com.setup.utilities.BaseUtils.<init>(BaseUtils.java:31)
	at com.page.classes.MakePayment.<init>(MakePayment.java:35)
	at com.setup.utilities.BaseUtils.initBaseUtils(BaseUtils.java:38)
	at com.setup.utilities.BaseUtils.<init>(BaseUtils.java:31)
	at com.page.classes.MakePayment.<init>(MakePayment.java:35)
	at com.setup.utilities.BaseUtils.initBaseUtils(BaseUtils.java:38)
	at com.setup.utilities.BaseUtils.<init>(BaseUtils.java:31)
	at com.page.classes.MakePayment.<init>(MakePayment.java:35)
	at com.setup.utilities.BaseUtils.initBaseUtils(BaseUtils.java:38)
	at com.setup.utilities.BaseUtils.<init>(BaseUtils.java:31)
	at com.page.classes.MakePayment.<init>(MakePayment.java:35)
	at com.setup.utilities.BaseUtils.initBaseUtils(BaseUtils.java:38)
	at com.setup.utilities.BaseUtils.<init>(BaseUtils.java:31)
	at com.page.classes.MakePayment.<init>(MakePayment.java:35)
	at com.setup.utilities.BaseUtils.initBaseUtils(BaseUtils.java:38)
	at com.setup.utilities.BaseUtils.<init>(BaseUtils.java:31)
	at com.page.classes.MakePayment.<init>(MakePayment.java:35)
	at com.setup.utilities.BaseUtils.initBaseUtils(BaseUtils.java:38)
	at com.setup.utilities.BaseUtils.<init>(BaseUtils.java:31)
	at com.page.classes.MakePayment.<init>(MakePayment.java:35)
	at com.setup.utilities.BaseUtils.initBaseUtils(BaseUtils.java:38)
	at com.setup.utilities.BaseUtils.<init>(BaseUtils.java:31)
	at com.page.classes.MakePayment.<init>(MakePayment.java:35)
	at com.setup.utilities.BaseUtils.initBaseUtils(BaseUtils.java:38)
	at com.setup.utilities.BaseUtils.<init>(BaseUtils.java:31)
	at com.page.classes.MakePayment.<init>(MakePayment.java:35)
	at com.setup.utilities.BaseUtils.initBaseUtils(BaseUtils.java:38)
	at com.setup.utilities.BaseUtils.<init>(BaseUtils.java:31)
	at com.page.classes.MakePayment.<init>(MakePayment.java:35)
	at com.setup.utilities.BaseUtils.initBaseUtils(BaseUtils.java:38)
	at com.setup.utilities.BaseUtils.<init>(BaseUtils.java:31)
	at com.page.classes.MakePayment.<init>(MakePayment.java:35)
	at com.setup.utilities.BaseUtils.initBaseUtils(BaseUtils.java:38)
	at com.setup.utilities.BaseUtils.<init>(BaseUtils.java:31)
	at com.page.classes.MakePayment.<init>(MakePayment.java:35)
	at com.setup.utilities.BaseUtils.initBaseUtils(BaseUtils.java:38)
	at com.setup.utilities.BaseUtils.<init>(BaseUtils.java:31)
	at com.page.classes.MakePayment.<init>(MakePayment.java:35)
	at com.setup.utilities.BaseUtils.initBaseUtils(BaseUtils.java:38)
	at com.setup.utilities.BaseUtils.<init>(BaseUtils.java:31)
	at com.page.classes.MakePayment.<init>(MakePayment.java:35)
	at com.setup.utilities.BaseUtils.initBaseUtils(BaseUtils.java:38)
	at com.setup.utilities.BaseUtils.<init>(BaseUtils.java:31)
	at com.page.classes.MakePayment.<init>(MakePayment.java:35)
	at com.setup.utilities.BaseUtils.initBaseUtils(BaseUtils.java:38)
	at com.setup.utilities.BaseUtils.<init>(BaseUtils.java:31)
	at com.page.classes.MakePayment.<init>(MakePayment.java:35)
	at com.setup.utilities.BaseUtils.initBaseUtils(BaseUtils.java:38)
	at com.setup.utilities.BaseUtils.<init>(BaseUtils.java:31)
	at com.page.classes.MakePayment.<init>(MakePayment.java:35)
	at com.setup.utilities.BaseUtils.initBaseUtils(BaseUtils.java:38)
	at com.setup.utilities.BaseUtils.<init>(BaseUtils.java:31)
	at com.page.classes.MakePayment.<init>(MakePayment.java:35)
	at com.setup.utilities.BaseUtils.initBaseUtils(BaseUtils.java:38)
	at com.setup.utilities.BaseUtils.<init>(BaseUtils.java:31)
	at com.page.classes.MakePayment.<init>(MakePayment.java:35)
	at com.setup.utilities.BaseUtils.initBaseUtils(BaseUtils.java:38)
	at com.setup.utilities.BaseUtils.<init>(BaseUtils.java:31)
	at com.page.classes.MakePayment.<init>(MakePayment.java:35)
	at com.setup.utilities.BaseUtils.initBaseUtils(BaseUtils.java:38)
	at com.setup.utilities.BaseUtils.<init>(BaseUtils.java:31)
	at com.page.classes.MakePayment.<init>(MakePayment.java:35)
	at com.setup.utilities.BaseUtils.initBaseUtils(BaseUtils.java:38)
	at com.setup.utilities.BaseUtils.<init>(BaseUtils.java:31)
	at com.page.classes.MakePayment.<init>(MakePayment.java:35)
	at com.setup.utilities.BaseUtils.initBaseUtils(BaseUtils.java:38)
	at com.setup.utilities.BaseUtils.<init>(BaseUtils.java:31)
	at com.page.classes.MakePayment.<init>(MakePayment.java:35)
	at com.setup.utilities.BaseUtils.initBaseUtils(BaseUtils.java:38)
	at com.setup.utilities.BaseUtils.<init>(BaseUtils.java:31)
	at com.page.classes.MakePayment.<init>(MakePayment.java:35)
	at com.setup.utilities.BaseUtils.initBaseUtils(BaseUtils.java:38)
	at com.setup.utilities.BaseUtils.<init>(BaseUtils.java:31)
	at com.page.classes.MakePayment.<init>(MakePayment.java:35)
	at com.setup.utilities.BaseUtils.initBaseUtils(BaseUtils.java:38)
	at com.setup.utilities.BaseUtils.<init>(BaseUtils.java:31)
	at com.page.classes.MakePayment.<init>(MakePayment.java:35)
	at com.setup.utilities.BaseUtils.initBaseUtils(BaseUtils.java:38)
	at com.setup.utilities.BaseUtils.<init>(BaseUtils.java:31)
	at com.page.classes.MakePayment.<init>(MakePayment.java:35)
	at com.setup.utilities.BaseUtils.initBaseUtils(BaseUtils.java:38)
	at com.setup.utilities.BaseUtils.<init>(BaseUtils.java:31)
	at com.page.classes.MakePayment.<init>(MakePayment.java:35)
	at com.setup.utilities.BaseUtils.initBaseUtils(BaseUtils.java:38)
	at com.setup.utilities.BaseUtils.<init>(BaseUtils.java:31)
	at com.page.classes.MakePayment.<init>(MakePayment.java:35)
	at com.setup.utilities.BaseUtils.initBaseUtils(BaseUtils.java:38)
	at com.setup.utilities.BaseUtils.<init>(BaseUtils.java:31)
	at com.page.classes.MakePayment.<init>(MakePayment.java:35)
	at com.setup.utilities.BaseUtils.initBaseUtils(BaseUtils.java:38)
	at com.setup.utilities.BaseUtils.<init>(BaseUtils.java:31)
	at com.page.classes.MakePayment.<init>(MakePayment.java:35)
	at com.setup.utilities.BaseUtils.initBaseUtils(BaseUtils.java:38)
	at com.setup.utilities.BaseUtils.<init>(BaseUtils.java:31)
	at com.page.classes.MakePayment.<init>(MakePayment.java:35)
	at com.setup.utilities.BaseUtils.initBaseUtils(BaseUtils.java:38)
	at com.setup.utilities.BaseUtils.<init>(BaseUtils.java:31)
	at com.page.classes.MakePayment.<init>(MakePayment.java:35)
	at com.setup.utilities.BaseUtils.initBaseUtils(BaseUtils.java:38)
	at com.setup.utilities.BaseUtils.<init>(BaseUtils.java:31)
	at com.page.classes.MakePayment.<init>(MakePayment.java:35)
	at com.setup.utilities.BaseUtils.initBaseUtils(BaseUtils.java:38)
	at com.setup.utilities.BaseUtils.<init>(BaseUtils.java:31)
	at com.page.classes.MakePayment.<init>(MakePayment.java:35)
	at com.setup.utilities.BaseUtils.initBaseUtils(BaseUtils.java:38)
	at com.setup.utilities.BaseUtils.<init>(BaseUtils.java:31)
	at com.page.classes.MakePayment.<init>(MakePayment.java:35)
	at com.setup.utilities.BaseUtils.initBaseUtils(BaseUtils.java:38)
	at com.setup.utilities.BaseUtils.<init>(BaseUtils.java:31)
	at com.page.classes.MakePayment.<init>(MakePayment.java:35)
	at com.setup.utilities.BaseUtils.initBaseUtils(BaseUtils.java:38)
	at com.setup.utilities.BaseUtils.<init>(BaseUtils.java:31)
	at com.page.classes.MakePayment.<init>(MakePayment.java:35)
	at com.setup.utilities.BaseUtils.initBaseUtils(BaseUtils.java:38)
	at com.setup.utilities.BaseUtils.<init>(BaseUtils.java:31)
	at com.page.classes.MakePayment.<init>(MakePayment.java:35)
	at com.setup.utilities.BaseUtils.initBaseUtils(BaseUtils.java:38)
	at com.setup.utilities.BaseUtils.<init>(BaseUtils.java:31)
	at com.page.classes.MakePayment.<init>(MakePayment.java:35)
	at com.setup.utilities.BaseUtils.initBaseUtils(BaseUtils.java:38)
	at com.setup.utilities.BaseUtils.<init>(BaseUtils.java:31)
	at com.page.classes.MakePayment.<init>(MakePayment.java:35)
	at com.setup.utilities.BaseUtils.initBaseUtils(BaseUtils.java:38)
	at com.setup.utilities.BaseUtils.<init>(BaseUtils.java:31)
	at com.page.classes.MakePayment.<init>(MakePayment.java:35)
	at com.setup.utilities.BaseUtils.initBaseUtils(BaseUtils.java:38)
	at com.setup.utilities.BaseUtils.<init>(BaseUtils.java:31)
	at com.page.classes.MakePayment.<init>(MakePayment.java:35)
	at com.setup.utilities.BaseUtils.initBaseUtils(BaseUtils.java:38)
	at com.setup.utilities.BaseUtils.<init>(BaseUtils.java:31)
	at com.page.classes.MakePayment.<init>(MakePayment.java:35)
	at com.setup.utilities.BaseUtils.initBaseUtils(BaseUtils.java:38)
	at com.setup.utilities.BaseUtils.<init>(BaseUtils.java:31)
	at com.page.classes.MakePayment.<init>(MakePayment.java:35)
	at com.setup.utilities.BaseUtils.initBaseUtils(BaseUtils.java:38)
	at com.setup.utilities.BaseUtils.<init>(BaseUtils.java:31)
	at com.page.classes.MakePayment.<init>(MakePayment.java:35)
	at com.setup.utilities.BaseUtils.initBaseUtils(BaseUtils.java:38)
	at com.setup.utilities.BaseUtils.<init>(BaseUtils.java:31)
	at com.page.classes.MakePayment.<init>(MakePayment.java:35)
	at com.setup.utilities.BaseUtils.initBaseUtils(BaseUtils.java:38)
	at com.setup.utilities.BaseUtils.<init>(BaseUtils.java:31)
	at com.page.classes.MakePayment.<init>(MakePayment.java:35)
	at com.setup.utilities.BaseUtils.initBaseUtils(BaseUtils.java:38)
	at com.setup.utilities.BaseUtils.<init>(BaseUtils.java:31)
	at com.page.classes.MakePayment.<init>(MakePayment.java:35)
	at com.setup.utilities.BaseUtils.initBaseUtils(BaseUtils.java:38)
	at com.setup.utilities.BaseUtils.<init>(BaseUtils.java:31)
	at com.page.classes.MakePayment.<init>(MakePayment.java:35)
	at com.setup.utilities.BaseUtils.initBaseUtils(BaseUtils.java:38)
	at com.setup.utilities.BaseUtils.<init>(BaseUtils.java:31)
	at com.page.classes.MakePayment.<init>(MakePayment.java:35)
	at com.setup.utilities.BaseUtils.initBaseUtils(BaseUtils.java:38)
	at com.setup.utilities.BaseUtils.<init>(BaseUtils.java:31)
	at com.page.classes.MakePayment.<init>(MakePayment.java:35)
	at com.setup.utilities.BaseUtils.initBaseUtils(BaseUtils.java:38)
	at com.setup.utilities.BaseUtils.<init>(BaseUtils.java:31)
	at com.page.classes.MakePayment.<init>(MakePayment.java:35)
	at com.setup.utilities.BaseUtils.initBaseUtils(BaseUtils.java:38)
	at com.setup.utilities.BaseUtils.<init>(BaseUtils.java:31)
	at com.page.classes.MakePayment.<init>(MakePayment.java:35)
	at com.setup.utilities.BaseUtils.initBaseUtils(BaseUtils.java:38)
	at com.setup.utilities.BaseUtils.<init>(BaseUtils.java:31)
	at com.page.classes.MakePayment.<init>(MakePayment.java:35)
	at com.setup.utilities.BaseUtils.initBaseUtils(BaseUtils.java:38)
	at com.setup.utilities.BaseUtils.<init>(BaseUtils.java:31)
	at com.page.classes.MakePayment.<init>(MakePayment.java:35)
	at com.setup.utilities.BaseUtils.initBaseUtils(BaseUtils.java:38)
	at com.setup.utilities.BaseUtils.<init>(BaseUtils.java:31)
	at com.page.classes.MakePayment.<init>(MakePayment.java:35)
	at com.setup.utilities.BaseUtils.initBaseUtils(BaseUtils.java:38)
	at com.setup.utilities.BaseUtils.<init>(BaseUtils.java:31)
	at com.page.classes.MakePayment.<init>(MakePayment.java:35)
	at com.setup.utilities.BaseUtils.initBaseUtils(BaseUtils.java:38)
	at com.setup.utilities.BaseUtils.<init>(BaseUtils.java:31)
	at com.page.classes.MakePayment.<init>(MakePayment.java:35)
	at com.setup.utilities.BaseUtils.initBaseUtils(BaseUtils.java:38)
	at com.setup.utilities.BaseUtils.<init>(BaseUtils.java:31)
	at com.page.classes.MakePayment.<init>(MakePayment.java:35)
	at com.setup.utilities.BaseUtils.initBaseUtils(BaseUtils.java:38)
	at com.setup.utilities.BaseUtils.<init>(BaseUtils.java:31)
	at com.page.classes.MakePayment.<init>(MakePayment.java:35)
	at com.setup.utilities.BaseUtils.initBaseUtils(BaseUtils.java:38)
	at com.setup.utilities.BaseUtils.<init>(BaseUtils.java:31)
	at com.page.classes.MakePayment.<init>(MakePayment.java:35)
	at com.setup.utilities.BaseUtils.initBaseUtils(BaseUtils.java:38)
	at com.setup.utilities.BaseUtils.<init>(BaseUtils.java:31)
	at com.page.classes.MakePayment.<init>(MakePayment.java:35)
	at com.setup.utilities.BaseUtils.initBaseUtils(BaseUtils.java:38)
	at com.setup.utilities.BaseUtils.<init>(BaseUtils.java:31)
	at com.page.classes.MakePayment.<init>(MakePayment.java:35)
	at com.setup.utilities.BaseUtils.initBaseUtils(BaseUtils.java:38)
	at com.setup.utilities.BaseUtils.<init>(BaseUtils.java:31)
	at com.page.classes.MakePayment.<init>(MakePayment.java:35)
	at com.setup.utilities.BaseUtils.initBaseUtils(BaseUtils.java:38)
	at com.setup.utilities.BaseUtils.<init>(BaseUtils.java:31)
	at com.page.classes.MakePayment.<init>(MakePayment.java:35)
	at com.setup.utilities.BaseUtils.initBaseUtils(BaseUtils.java:38)
	at com.setup.utilities.BaseUtils.<init>(BaseUtils.java:31)
	at com.page.classes.MakePayment.<init>(MakePayment.java:35)
	at com.setup.utilities.BaseUtils.initBaseUtils(BaseUtils.java:38)
	at com.setup.utilities.BaseUtils.<init>(BaseUtils.java:31)
	at com.page.classes.MakePayment.<init>(MakePayment.java:35)
	at com.setup.utilities.BaseUtils.initBaseUtils(BaseUtils.java:38)
	at com.setup.utilities.BaseUtils.<init>(BaseUtils.java:31)
	at com.page.classes.MakePayment.<init>(MakePayment.java:35)
	at com.setup.utilities.BaseUtils.initBaseUtils(BaseUtils.java:38)
	at com.setup.utilities.BaseUtils.<init>(BaseUtils.java:31)
	at com.page.classes.MakePayment.<init>(MakePayment.java:35)
	at com.setup.utilities.BaseUtils.initBaseUtils(BaseUtils.java:38)
	at com.setup.utilities.BaseUtils.<init>(BaseUtils.java:31)
	at com.page.classes.MakePayment.<init>(MakePayment.java:35)
	at com.setup.utilities.BaseUtils.initBaseUtils(BaseUtils.java:38)
	at com.setup.utilities.BaseUtils.<init>(BaseUtils.java:31)
	at com.page.classes.MakePayment.<init>(MakePayment.java:35)
	at com.setup.utilities.BaseUtils.initBaseUtils(BaseUtils.java:38)
	at com.setup.utilities.BaseUtils.<init>(BaseUtils.java:31)
	at com.page.classes.MakePayment.<init>(MakePayment.java:35)
	at com.setup.utilities.BaseUtils.initBaseUtils(BaseUtils.java:38)
	at com.setup.utilities.BaseUtils.<init>(BaseUtils.java:31)
	at com.page.classes.MakePayment.<init>(MakePayment.java:35)
	at com.setup.utilities.BaseUtils.initBaseUtils(BaseUtils.java:38)
	at com.setup.utilities.BaseUtils.<init>(BaseUtils.java:31)
	at com.page.classes.MakePayment.<init>(MakePayment.java:35)
	at com.setup.utilities.BaseUtils.initBaseUtils(BaseUtils.java:38)
	at com.setup.utilities.BaseUtils.<init>(BaseUtils.java:31)
	at com.page.classes.MakePayment.<init>(MakePayment.java:35)
	at com.setup.utilities.BaseUtils.initBaseUtils(BaseUtils.java:38)
	at com.setup.utilities.BaseUtils.<init>(BaseUtils.java:31)
	at com.page.classes.MakePayment.<init>(MakePayment.java:35)
	at com.setup.utilities.BaseUtils.initBaseUtils(BaseUtils.java:38)
	at com.setup.utilities.BaseUtils.<init>(BaseUtils.java:31)
	at com.page.classes.MakePayment.<init>(MakePayment.java:35)
	at com.setup.utilities.BaseUtils.initBaseUtils(BaseUtils.java:38)
	at com.setup.utilities.BaseUtils.<init>(BaseUtils.java:31)
	at com.page.classes.MakePayment.<init>(MakePayment.java:35)
	at com.setup.utilities.BaseUtils.initBaseUtils(BaseUtils.java:38)
	at com.setup.utilities.BaseUtils.<init>(BaseUtils.java:31)
	at com.page.classes.MakePayment.<init>(MakePayment.java:35)
	at com.setup.utilities.BaseUtils.initBaseUtils(BaseUtils.java:38)
	at com.setup.utilities.BaseUtils.<init>(BaseUtils.java:31)
	at com.page.classes.MakePayment.<init>(MakePayment.java:35)
	at com.setup.utilities.BaseUtils.initBaseUtils(BaseUtils.java:38)
	at com.setup.utilities.BaseUtils.<init>(BaseUtils.java:31)
	at com.page.classes.MakePayment.<init>(MakePayment.java:35)
	at com.setup.utilities.BaseUtils.initBaseUtils(BaseUtils.java:38)
	at com.setup.utilities.BaseUtils.<init>(BaseUtils.java:31)
	at com.page.classes.MakePayment.<init>(MakePayment.java:35)
	at com.setup.utilities.BaseUtils.initBaseUtils(BaseUtils.java:38)
	at com.setup.utilities.BaseUtils.<init>(BaseUtils.java:31)
	at com.page.classes.MakePayment.<init>(MakePayment.java:35)
	at com.setup.utilities.BaseUtils.initBaseUtils(BaseUtils.java:38)
	at com.setup.utilities.BaseUtils.<init>(BaseUtils.java:31)
	at com.page.classes.MakePayment.<init>(MakePayment.java:35)
	at com.setup.utilities.BaseUtils.initBaseUtils(BaseUtils.java:38)
	at com.setup.utilities.BaseUtils.<init>(BaseUtils.java:31)
	at com.page.classes.MakePayment.<init>(MakePayment.java:35)
	at com.setup.utilities.BaseUtils.initBaseUtils(BaseUtils.java:38)
	at com.setup.utilities.BaseUtils.<init>(BaseUtils.java:31)
	at com.page.classes.MakePayment.<init>(MakePayment.java:35)
	at com.setup.utilities.BaseUtils.initBaseUtils(BaseUtils.java:38)
	at com.setup.utilities.BaseUtils.<init>(BaseUtils.java:31)
	at com.page.classes.MakePayment.<init>(MakePayment.java:35)
	at com.setup.utilities.BaseUtils.initBaseUtils(BaseUtils.java:38)
	at com.setup.utilities.BaseUtils.<init>(BaseUtils.java:31)
	at com.page.classes.MakePayment.<init>(MakePayment.java:35)
	at com.setup.utilities.BaseUtils.initBaseUtils(BaseUtils.java:38)
	at com.setup.utilities.BaseUtils.<init>(BaseUtils.java:31)
	at com.page.classes.MakePayment.<init>(MakePayment.java:35)
	at com.setup.utilities.BaseUtils.initBaseUtils(BaseUtils.java:38)
	at com.setup.utilities.BaseUtils.<init>(BaseUtils.java:31)
	at com.page.classes.MakePayment.<init>(MakePayment.java:35)
	at com.setup.utilities.BaseUtils.initBaseUtils(BaseUtils.java:38)
	at com.setup.utilities.BaseUtils.<init>(BaseUtils.java:31)
	at com.page.classes.MakePayment.<init>(MakePayment.java:35)
	at com.setup.utilities.BaseUtils.initBaseUtils(BaseUtils.java:38)
	at com.setup.utilities.BaseUtils.<init>(BaseUtils.java:31)
	at com.page.classes.MakePayment.<init>(MakePayment.java:35)
	at com.setup.utilities.BaseUtils.initBaseUtils(BaseUtils.java:38)
	at com.setup.utilities.BaseUtils.<init>(BaseUtils.java:31)
	at com.page.classes.MakePayment.<init>(MakePayment.java:35)
	at com.setup.utilities.BaseUtils.initBaseUtils(BaseUtils.java:38)
	at com.setup.utilities.BaseUtils.<init>(BaseUtils.java:31)
	at com.page.classes.MakePayment.<init>(MakePayment.java:35)
	at com.setup.utilities.BaseUtils.initBaseUtils(BaseUtils.java:38)
	at com.setup.utilities.BaseUtils.<init>(BaseUtils.java:31)
	at com.page.classes.MakePayment.<init>(MakePayment.java:35)
	at com.setup.utilities.BaseUtils.initBaseUtils(BaseUtils.java:38)
	at com.setup.utilities.BaseUtils.<init>(BaseUtils.java:31)
	at com.page.classes.MakePayment.<init>(MakePayment.java:35)
	at com.setup.utilities.BaseUtils.initBaseUtils(BaseUtils.java:38)
	at com.setup.utilities.BaseUtils.<init>(BaseUtils.java:31)
	at com.page.classes.MakePayment.<init>(MakePayment.java:35)
	at com.setup.utilities.BaseUtils.initBaseUtils(BaseUtils.java:38)
	at com.setup.utilities.BaseUtils.<init>(BaseUtils.java:31)
	at com.page.classes.MakePayment.<init>(MakePayment.java:35)
	at com.setup.utilities.BaseUtils.initBaseUtils(BaseUtils.java:38)
	at com.setup.utilities.BaseUtils.<init>(BaseUtils.java:31)
	at com.page.classes.MakePayment.<init>(MakePayment.java:35)
	at com.setup.utilities.BaseUtils.initBaseUtils(BaseUtils.java:38)
	at com.setup.utilities.BaseUtils.<init>(BaseUtils.java:31)
	at com.page.classes.MakePayment.<init>(MakePayment.java:35)
	at com.setup.utilities.BaseUtils.initBaseUtils(BaseUtils.java:38)
	at com.setup.utilities.BaseUtils.<init>(BaseUtils.java:31)
	at com.page.classes.MakePayment.<init>(MakePayment.java:35)
	at com.setup.utilities.BaseUtils.initBaseUtils(BaseUtils.java:38)
	at com.setup.utilities.BaseUtils.<init>(BaseUtils.java:31)
	at com.page.classes.MakePayment.<init>(MakePayment.java:35)
	at com.setup.utilities.BaseUtils.initBaseUtils(BaseUtils.java:38)
	at com.setup.utilities.BaseUtils.<init>(BaseUtils.java:31)
	at com.page.classes.MakePayment.<init>(MakePayment.java:35)
	at com.setup.utilities.BaseUtils.initBaseUtils(BaseUtils.java:38)
	at com.setup.utilities.BaseUtils.<init>(BaseUtils.java:31)
	at com.page.classes.MakePayment.<init>(MakePayment.java:35)
	at com.setup.utilities.BaseUtils.initBaseUtils(BaseUtils.java:38)
	at com.setup.utilities.BaseUtils.<init>(BaseUtils.java:31)
	at com.page.classes.MakePayment.<init>(MakePayment.java:35)
	at com.setup.utilities.BaseUtils.initBaseUtils(BaseUtils.java:38)
	at com.setup.utilities.BaseUtils.<init>(BaseUtils.java:31)
	at com.page.classes.MakePayment.<init>(MakePayment.java:35)
	at com.setup.utilities.BaseUtils.initBaseUtils(BaseUtils.java:38)
	at com.setup.utilities.BaseUtils.<init>(BaseUtils.java:31)
	at com.page.classes.MakePayment.<init>(MakePayment.java:35)
	at com.setup.utilities.BaseUtils.initBaseUtils(BaseUtils.java:38)
	at com.setup.utilities.BaseUtils.<init>(BaseUtils.java:31)
	at com.page.classes.MakePayment.<init>(MakePayment.java:35)
	at com.setup.utilities.BaseUtils.initBaseUtils(BaseUtils.java:38)
	at com.setup.utilities.BaseUtils.<init>(BaseUtils.java:31)
	at com.page.classes.MakePayment.<init>(MakePayment.java:35)
	at com.setup.utilities.BaseUtils.initBaseUtils(BaseUtils.java:38)
	at com.setup.utilities.BaseUtils.<init>(BaseUtils.java:31)
	at com.page.classes.MakePayment.<init>(MakePayment.java:35)
	at com.setup.utilities.BaseUtils.initBaseUtils(BaseUtils.java:38)
	at com.setup.utilities.BaseUtils.<init>(BaseUtils.java:31)
	at com.page.classes.MakePayment.<init>(MakePayment.java:35)
	at com.setup.utilities.BaseUtils.initBaseUtils(BaseUtils.java:38)
	at com.setup.utilities.BaseUtils.<init>(BaseUtils.java:31)
	at com.page.classes.MakePayment.<init>(MakePayment.java:35)
	at com.setup.utilities.BaseUtils.initBaseUtils(BaseUtils.java:38)
	at com.setup.utilities.BaseUtils.<init>(BaseUtils.java:31)
	at com.page.classes.MakePayment.<init>(MakePayment.java:35)
	at com.setup.utilities.BaseUtils.initBaseUtils(BaseUtils.java:38)
	at com.setup.utilities.BaseUtils.<init>(BaseUtils.java:31)
	at com.page.classes.MakePayment.<init>(MakePayment.java:35)
	at com.setup.utilities.BaseUtils.initBaseUtils(BaseUtils.java:38)
	at com.setup.utilities.BaseUtils.<init>(BaseUtils.java:31)
	at com.page.classes.MakePayment.<init>(MakePayment.java:35)
	at com.setup.utilities.BaseUtils.initBaseUtils(BaseUtils.java:38)
	at com.setup.utilities.BaseUtils.<init>(BaseUtils.java:31)
	at com.page.classes.MakePayment.<init>(MakePayment.java:35)
	at com.setup.utilities.BaseUtils.initBaseUtils(BaseUtils.java:38)
	at com.setup.utilities.BaseUtils.<init>(BaseUtils.java:31)
	at com.page.classes.MakePayment.<init>(MakePayment.java:35)
	at com.setup.utilities.BaseUtils.initBaseUtils(BaseUtils.java:38)
	at com.setup.utilities.BaseUtils.<init>(BaseUtils.java:31)
	at com.page.classes.MakePayment.<init>(MakePayment.java:35)
	at com.setup.utilities.BaseUtils.initBaseUtils(BaseUtils.java:38)
	at com.setup.utilities.BaseUtils.<init>(BaseUtils.java:31)
	at com.page.classes.MakePayment.<init>(MakePayment.java:35)
	at com.setup.utilities.BaseUtils.initBaseUtils(BaseUtils.java:38)
	at com.setup.utilities.BaseUtils.<init>(BaseUtils.java:31)
	at com.page.classes.MakePayment.<init>(MakePayment.java:35)
	at com.setup.utilities.BaseUtils.initBaseUtils(BaseUtils.java:38)
	at com.setup.utilities.BaseUtils.<init>(BaseUtils.java:31)
	at com.page.classes.MakePayment.<init>(MakePayment.java:35)
	at com.setup.utilities.BaseUtils.initBaseUtils(BaseUtils.java:38)
	at com.setup.utilities.BaseUtils.<init>(BaseUtils.java:31)
	at com.page.classes.MakePayment.<init>(MakePayment.java:35)
	at com.setup.utilities.BaseUtils.initBaseUtils(BaseUtils.java:38)
	at com.setup.utilities.BaseUtils.<init>(BaseUtils.java:31)
	at com.page.classes.MakePayment.<init>(MakePayment.java:35)
	at com.setup.utilities.BaseUtils.initBaseUtils(BaseUtils.java:38)
	at com.setup.utilities.BaseUtils.<init>(BaseUtils.java:31)
	at com.page.classes.MakePayment.<init>(MakePayment.java:35)
	at com.setup.utilities.BaseUtils.initBaseUtils(BaseUtils.java:38)
	at com.setup.utilities.BaseUtils.<init>(BaseUtils.java:31)
	at com.page.classes.MakePayment.<init>(MakePayment.java:35)
	at com.setup.utilities.BaseUtils.initBaseUtils(BaseUtils.java:38)
	at com.setup.utilities.BaseUtils.<init>(BaseUtils.java:31)
	at com.page.classes.MakePayment.<init>(MakePayment.java:35)
	at com.setup.utilities.BaseUtils.initBaseUtils(BaseUtils.java:38)
	at com.setup.utilities.BaseUtils.<init>(BaseUtils.java:31)
	at com.page.classes.MakePayment.<init>(MakePayment.java:35)
	at com.setup.utilities.BaseUtils.initBaseUtils(BaseUtils.java:38)
	at com.setup.utilities.BaseUtils.<init>(BaseUtils.java:31)
	at com.page.classes.MakePayment.<init>(MakePayment.java:35)
	at com.setup.utilities.BaseUtils.initBaseUtils(BaseUtils.java:38)
	at com.setup.utilities.BaseUtils.<init>(BaseUtils.java:31)
	at com.page.classes.MakePayment.<init>(MakePayment.java:35)
	at com.setup.utilities.BaseUtils.initBaseUtils(BaseUtils.java:38)
	at com.setup.utilities.BaseUtils.<init>(BaseUtils.java:31)
	at com.page.classes.MakePayment.<init>(MakePayment.java:35)
	at com.setup.utilities.BaseUtils.initBaseUtils(BaseUtils.java:38)
	at com.setup.utilities.BaseUtils.<init>(BaseUtils.java:31)
	at com.page.classes.MakePayment.<init>(MakePayment.java:35)
	at com.setup.utilities.BaseUtils.initBaseUtils(BaseUtils.java:38)
	at com.setup.utilities.BaseUtils.<init>(BaseUtils.java:31)
	at com.page.classes.MakePayment.<init>(MakePayment.java:35)
	at com.setup.utilities.BaseUtils.initBaseUtils(BaseUtils.java:38)
	at com.setup.utilities.BaseUtils.<init>(BaseUtils.java:31)
	at com.page.classes.MakePayment.<init>(MakePayment.java:35)
	at com.setup.utilities.BaseUtils.initBaseUtils(BaseUtils.java:38)
	at com.setup.utilities.BaseUtils.<init>(BaseUtils.java:31)
	at com.page.classes.MakePayment.<init>(MakePayment.java:35)
	at com.setup.utilities.BaseUtils.initBaseUtils(BaseUtils.java:38)
	at com.setup.utilities.BaseUtils.<init>(BaseUtils.java:31)
	at com.page.classes.MakePayment.<init>(MakePayment.java:35)
	at com.setup.utilities.BaseUtils.initBaseUtils(BaseUtils.java:38)
	at com.setup.utilities.BaseUtils.<init>(BaseUtils.java:31)
	at com.page.classes.MakePayment.<init>(MakePayment.java:35)
	at com.setup.utilities.BaseUtils.initBaseUtils(BaseUtils.java:38)
	at com.setup.utilities.BaseUtils.<init>(BaseUtils.java:31)
	at com.page.classes.MakePayment.<init>(MakePayment.java:35)
	at com.setup.utilities.BaseUtils.initBaseUtils(BaseUtils.java:38)
	at com.setup.utilities.BaseUtils.<init>(BaseUtils.java:31)
	at com.page.classes.MakePayment.<init>(MakePayment.java:35)
	at com.setup.utilities.BaseUtils.initBaseUtils(BaseUtils.java:38)
	at com.setup.utilities.BaseUtils.<init>(BaseUtils.java:31)
	at com.page.classes.MakePayment.<init>(MakePayment.java:35)
	at com.setup.utilities.BaseUtils.initBaseUtils(BaseUtils.java:38)
	at com.setup.utilities.BaseUtils.<init>(BaseUtils.java:31)
	at com.page.classes.MakePayment.<init>(MakePayment.java:35)
	at com.setup.utilities.BaseUtils.initBaseUtils(BaseUtils.java:38)
	at com.setup.utilities.BaseUtils.<init>(BaseUtils.java:31)
	at com.page.classes.MakePayment.<init>(MakePayment.java:35)
	at com.setup.utilities.BaseUtils.initBaseUtils(BaseUtils.java:38)
	at com.setup.utilities.BaseUtils.<init>(BaseUtils.java:31)
	at com.page.classes.MakePayment.<init>(MakePayment.java:35)
	at com.setup.utilities.BaseUtils.initBaseUtils(BaseUtils.java:38)
	at com.setup.utilities.BaseUtils.<init>(BaseUtils.java:31)
	at com.page.classes.MakePayment.<init>(MakePayment.java:35)
	at com.setup.utilities.BaseUtils.initBaseUtils(BaseUtils.java:38)
	at com.setup.utilities.BaseUtils.<init>(BaseUtils.java:31)
	at com.page.classes.MakePayment.<init>(MakePayment.java:35)
	at com.setup.utilities.BaseUtils.initBaseUtils(BaseUtils.java:38)
	at com.setup.utilities.BaseUtils.<init>(BaseUtils.java:31)
	at com.page.classes.MakePayment.<init>(MakePayment.java:35)
	at com.setup.utilities.BaseUtils.initBaseUtils(BaseUtils.java:38)
	at com.setup.utilities.BaseUtils.<init>(BaseUtils.java:31)
	at com.page.classes.MakePayment.<init>(MakePayment.java:35)
	at com.setup.utilities.BaseUtils.initBaseUtils(BaseUtils.java:38)
	at com.setup.utilities.BaseUtils.<init>(BaseUtils.java:31)
	at com.page.classes.MakePayment.<init>(MakePayment.java:35)
	at com.setup.utilities.BaseUtils.initBaseUtils(BaseUtils.java:38)
	at com.setup.utilities.BaseUtils.<init>(BaseUtils.java:31)
	at com.page.classes.MakePayment.<init>(MakePayment.java:35)
	at com.setup.utilities.BaseUtils.initBaseUtils(BaseUtils.java:38)
	at com.setup.utilities.BaseUtils.<init>(BaseUtils.java:31)
	at com.page.classes.MakePayment.<init>(MakePayment.java:35)
	at com.setup.utilities.BaseUtils.initBaseUtils(BaseUtils.java:38)
	at com.setup.utilities.BaseUtils.<init>(BaseUtils.java:31)
	at com.page.classes.MakePayment.<init>(MakePayment.java:35)
	at com.setup.utilities.BaseUtils.initBaseUtils(BaseUtils.java:38)
	at com.setup.utilities.BaseUtils.<init>(BaseUtils.java:31)
	at com.page.classes.MakePayment.<init>(MakePayment.java:35)
	at com.setup.utilities.BaseUtils.initBaseUtils(BaseUtils.java:38)
	at com.setup.utilities.BaseUtils.<init>(BaseUtils.java:31)
	at com.page.classes.MakePayment.<init>(MakePayment.java:35)
	at com.setup.utilities.BaseUtils.initBaseUtils(BaseUtils.java:38)
	at com.setup.utilities.BaseUtils.<init>(BaseUtils.java:31)
	at com.page.classes.MakePayment.<init>(MakePayment.java:35)
	at com.setup.utilities.BaseUtils.initBaseUtils(BaseUtils.java:38)
	at com.setup.utilities.BaseUtils.<init>(BaseUtils.java:31)
	at com.page.classes.MakePayment.<init>(MakePayment.java:35)
	at com.setup.utilities.BaseUtils.initBaseUtils(BaseUtils.java:38)
	at com.setup.utilities.BaseUtils.<init>(BaseUtils.java:31)
	at com.page.classes.MakePayment.<init>(MakePayment.java:35)
	at com.setup.utilities.BaseUtils.initBaseUtils(BaseUtils.java:38)
	at com.setup.utilities.BaseUtils.<init>(BaseUtils.java:31)
	at com.page.classes.MakePayment.<init>(MakePayment.java:35)
	at com.setup.utilities.BaseUtils.initBaseUtils(BaseUtils.java:38)
	at com.setup.utilities.BaseUtils.<init>(BaseUtils.java:31)
	at com.page.classes.MakePayment.<init>(MakePayment.java:35)
	at com.setup.utilities.BaseUtils.initBaseUtils(BaseUtils.java:38)
	at com.setup.utilities.BaseUtils.<init>(BaseUtils.java:31)
	at com.page.classes.MakePayment.<init>(MakePayment.java:35)
	at com.setup.utilities.BaseUtils.initBaseUtils(BaseUtils.java:38)
	at com.setup.utilities.BaseUtils.<init>(BaseUtils.java:31)
	at com.page.classes.MakePayment.<init>(MakePayment.java:35)
	at com.setup.utilities.BaseUtils.initBaseUtils(BaseUtils.java:38)
	at com.setup.utilities.BaseUtils.<init>(BaseUtils.java:31)
	at com.page.classes.MakePayment.<init>(MakePayment.java:35)
	at com.setup.utilities.BaseUtils.initBaseUtils(BaseUtils.java:38)
	at com.setup.utilities.BaseUtils.<init>(BaseUtils.java:31)
	at com.page.classes.MakePayment.<init>(MakePayment.java:35)
	at com.setup.utilities.BaseUtils.initBaseUtils(BaseUtils.java:38)
	at com.setup.utilities.BaseUtils.<init>(BaseUtils.java:31)
	at com.page.classes.MakePayment.<init>(MakePayment.java:35)
	at com.setup.utilities.BaseUtils.initBaseUtils(BaseUtils.java:38)
	at com.setup.utilities.BaseUtils.<init>(BaseUtils.java:31)
	at com.page.classes.MakePayment.<init>(MakePayment.java:35)
	at com.setup.utilities.BaseUtils.initBaseUtils(BaseUtils.java:38)
	at com.setup.utilities.BaseUtils.<init>(BaseUtils.java:31)
	at com.page.classes.MakePayment.<init>(MakePayment.java:35)
	at com.setup.utilities.BaseUtils.initBaseUtils(BaseUtils.java:38)
	at com.setup.utilities.BaseUtils.<init>(BaseUtils.java:31)
	at com.page.classes.MakePayment.<init>(MakePayment.java:35)
	at com.setup.utilities.BaseUtils.initBaseUtils(BaseUtils.java:38)
	at com.setup.utilities.BaseUtils.<init>(BaseUtils.java:31)
	at com.page.classes.MakePayment.<init>(MakePayment.java:35)
	at com.setup.utilities.BaseUtils.initBaseUtils(BaseUtils.java:38)
	at com.setup.utilities.BaseUtils.<init>(BaseUtils.java:31)
	at com.page.classes.MakePayment.<init>(MakePayment.java:35)
	at com.setup.utilities.BaseUtils.initBaseUtils(BaseUtils.java:38)
	at com.setup.utilities.BaseUtils.<init>(BaseUtils.java:31)
	at com.page.classes.MakePayment.<init>(MakePayment.java:35)
	at com.setup.utilities.BaseUtils.initBaseUtils(BaseUtils.java:38)
	at com.setup.utilities.BaseUtils.<init>(BaseUtils.java:31)
	at com.page.classes.MakePayment.<init>(MakePayment.java:35)
	at com.setup.utilities.BaseUtils.initBaseUtils(BaseUtils.java:38)
	at com.setup.utilities.BaseUtils.<init>(BaseUtils.java:31)
	at com.page.classes.MakePayment.<init>(MakePayment.java:35)
	at com.setup.utilities.BaseUtils.initBaseUtils(BaseUtils.java:38)
	at com.setup.utilities.BaseUtils.<init>(BaseUtils.java:31)
	at com.page.classes.MakePayment.<init>(MakePayment.java:35)
	at com.setup.utilities.BaseUtils.initBaseUtils(BaseUtils.java:38)
	at com.setup.utilities.BaseUtils.<init>(BaseUtils.java:31)
	at com.page.classes.MakePayment.<init>(MakePayment.java:35)
	at com.setup.utilities.BaseUtils.initBaseUtils(BaseUtils.java:38)
	at com.setup.utilities.BaseUtils.<init>(BaseUtils.java:31)
	at com.page.classes.MakePayment.<init>(MakePayment.java:35)
	at com.setup.utilities.BaseUtils.initBaseUtils(BaseUtils.java:38)
	at com.setup.utilities.BaseUtils.<init>(BaseUtils.java:31)
	at com.page.classes.MakePayment.<init>(MakePayment.java:35)
	at com.setup.utilities.BaseUtils.initBaseUtils(BaseUtils.java:38)
	at com.setup.utilities.BaseUtils.<init>(BaseUtils.java:31)
	at com.page.classes.MakePayment.<init>(MakePayment.java:35)
	at com.setup.utilities.BaseUtils.initBaseUtils(BaseUtils.java:38)
	at com.setup.utilities.BaseUtils.<init>(BaseUtils.java:31)
	at com.page.classes.MakePayment.<init>(MakePayment.java:35)
	at com.setup.utilities.BaseUtils.initBaseUtils(BaseUtils.java:38)
	at com.setup.utilities.BaseUtils.<init>(BaseUtils.java:31)
	at com.page.classes.MakePayment.<init>(MakePayment.java:35)
	at com.setup.utilities.BaseUtils.initBaseUtils(BaseUtils.java:38)
	at com.setup.utilities.BaseUtils.<init>(BaseUtils.java:31)
	at com.page.classes.MakePayment.<init>(MakePayment.java:35)
	at com.setup.utilities.BaseUtils.initBaseUtils(BaseUtils.java:38)
	at com.setup.utilities.BaseUtils.<init>(BaseUtils.java:31)
	at com.page.classes.MakePayment.<init>(MakePayment.java:35)
	at com.setup.utilities.BaseUtils.initBaseUtils(BaseUtils.java:38)
	at com.setup.utilities.BaseUtils.<init>(BaseUtils.java:31)
	at com.page.classes.MakePayment.<init>(MakePayment.java:35)
	at com.setup.utilities.BaseUtils.initBaseUtils(BaseUtils.java:38)
	at com.setup.utilities.BaseUtils.<init>(BaseUtils.java:31)
	at com.page.classes.MakePayment.<init>(MakePayment.java:35)
	at com.setup.utilities.BaseUtils.initBaseUtils(BaseUtils.java:38)
	at com.setup.utilities.BaseUtils.<init>(BaseUtils.java:31)
	at com.page.classes.MakePayment.<init>(MakePayment.java:35)
	at com.setup.utilities.BaseUtils.initBaseUtils(BaseUtils.java:38)
	at com.setup.utilities.BaseUtils.<init>(BaseUtils.java:31)
	at com.page.classes.MakePayment.<init>(MakePayment.java:35)
	at com.setup.utilities.BaseUtils.initBaseUtils(BaseUtils.java:38)
	at com.setup.utilities.BaseUtils.<init>(BaseUtils.java:31)
	at com.page.classes.MakePayment.<init>(MakePayment.java:35)
	at com.setup.utilities.BaseUtils.initBaseUtils(BaseUtils.java:38)
	at com.setup.utilities.BaseUtils.<init>(BaseUtils.java:31)
	at com.page.classes.MakePayment.<init>(MakePayment.java:35)
	at com.setup.utilities.BaseUtils.initBaseUtils(BaseUtils.java:38)
	at com.setup.utilities.BaseUtils.<init>(BaseUtils.java:31)
	at com.page.classes.MakePayment.<init>(MakePayment.java:35)
	at com.setup.utilities.BaseUtils.initBaseUtils(BaseUtils.java:38)
	at com.setup.utilities.BaseUtils.<init>(BaseUtils.java:31)
	at com.page.classes.MakePayment.<init>(MakePayment.java:35)
	at com.setup.utilities.BaseUtils.initBaseUtils(BaseUtils.java:38)
	at com.setup.utilities.BaseUtils.<init>(BaseUtils.java:31)
	at com.page.classes.MakePayment.<init>(MakePayment.java:35)
	at com.setup.utilities.BaseUtils.initBaseUtils(BaseUtils.java:38)
	at com.setup.utilities.BaseUtils.<init>(BaseUtils.java:31)
	at com.page.classes.MakePayment.<init>(MakePayment.java:35)
	at com.setup.utilities.BaseUtils.initBaseUtils(BaseUtils.java:38)
	at com.setup.utilities.BaseUtils.<init>(BaseUtils.java:31)
	at com.page.classes.MakePayment.<init>(MakePayment.java:35)
	at com.setup.utilities.BaseUtils.initBaseUtils(BaseUtils.java:38)
	at com.setup.utilities.BaseUtils.<init>(BaseUtils.java:31)
	at com.page.classes.MakePayment.<init>(MakePayment.java:35)
	at com.setup.utilities.BaseUtils.initBaseUtils(BaseUtils.java:38)
	at com.setup.utilities.BaseUtils.<init>(BaseUtils.java:31)
	at com.page.classes.MakePayment.<init>(MakePayment.java:35)
	at com.setup.utilities.BaseUtils.initBaseUtils(BaseUtils.java:38)
	at com.setup.utilities.BaseUtils.<init>(BaseUtils.java:31)
	at com.page.classes.MakePayment.<init>(MakePayment.java:35)
	at com.setup.utilities.BaseUtils.initBaseUtils(BaseUtils.java:38)
	at com.setup.utilities.BaseUtils.<init>(BaseUtils.java:31)
	at com.page.classes.MakePayment.<init>(MakePayment.java:35)
	at com.setup.utilities.BaseUtils.initBaseUtils(BaseUtils.java:38)
	at com.setup.utilities.BaseUtils.<init>(BaseUtils.java:31)
	at com.page.classes.MakePayment.<init>(MakePayment.java:35)
	at com.setup.utilities.BaseUtils.initBaseUtils(BaseUtils.java:38)
	at com.setup.utilities.BaseUtils.<init>(BaseUtils.java:31)
	at com.page.classes.MakePayment.<init>(MakePayment.java:35)
	at com.setup.utilities.BaseUtils.initBaseUtils(BaseUtils.java:38)
	at com.setup.utilities.BaseUtils.<init>(BaseUtils.java:31)
	at com.page.classes.MakePayment.<init>(MakePayment.java:35)
	at com.setup.utilities.BaseUtils.initBaseUtils(BaseUtils.java:38)
	at com.setup.utilities.BaseUtils.<init>(BaseUtils.java:31)
	at com.page.classes.MakePayment.<init>(MakePayment.java:35)
	at com.setup.utilities.BaseUtils.initBaseUtils(BaseUtils.java:38)
	at com.setup.utilities.BaseUtils.<init>(BaseUtils.java:31)
	at com.page.classes.MakePayment.<init>(MakePayment.java:35)
	at com.setup.utilities.BaseUtils.initBaseUtils(BaseUtils.java:38)
	at com.setup.utilities.BaseUtils.<init>(BaseUtils.java:31)
	at com.page.classes.MakePayment.<init>(MakePayment.java:35)
	at com.setup.utilities.BaseUtils.initBaseUtils(BaseUtils.java:38)
	at com.setup.utilities.BaseUtils.<init>(BaseUtils.java:31)
	at com.page.classes.MakePayment.<init>(MakePayment.java:35)
	at com.setup.utilities.BaseUtils.initBaseUtils(BaseUtils.java:38)
	at com.setup.utilities.BaseUtils.<init>(BaseUtils.java:31)
	at com.page.classes.MakePayment.<init>(MakePayment.java:35)
	at com.setup.utilities.BaseUtils.initBaseUtils(BaseUtils.java:38)
	at com.setup.utilities.BaseUtils.<init>(BaseUtils.java:31)
	at com.page.classes.MakePayment.<init>(MakePayment.java:35)
	at com.setup.utilities.BaseUtils.initBaseUtils(BaseUtils.java:38)
	at com.setup.utilities.BaseUtils.<init>(BaseUtils.java:31)
	at com.page.classes.MakePayment.<init>(MakePayment.java:35)
]]>
            </full-stacktrace>
          </exception> <!-- java.lang.StackOverflowError -->
          <reporter-output>
          </reporter-output>
        </test-method> <!-- beforeSuite -->
        <test-method status="PASS" signature="BeforeEachClass()[pri:0, instance:com.test.classes.PaymentTestCase@1412c2f]" name="BeforeEachClass" is-config="true" duration-ms="2" started-at="2020-07-14T00:58:10Z" finished-at="2020-07-14T00:58:10Z">
          <reporter-output>
          </reporter-output>
        </test-method> <!-- BeforeEachClass -->
        <test-method status="PASS" signature="BeforeEachMethod()[pri:0, instance:com.test.classes.PaymentTestCase@1412c2f]" name="BeforeEachMethod" is-config="true" duration-ms="2718" started-at="2020-07-14T00:58:10Z" finished-at="2020-07-14T00:58:13Z">
          <reporter-output>
          </reporter-output>
        </test-method> <!-- BeforeEachMethod -->
        <test-method status="SKIP" signature="TS_PaymentMethod()[pri:0, instance:com.test.classes.PaymentTestCase@1412c2f]" name="TS_PaymentMethod" duration-ms="0" started-at="2020-07-14T00:58:13Z" finished-at="2020-07-14T00:58:13Z">
          <reporter-output>
          </reporter-output>
        </test-method> <!-- TS_PaymentMethod -->
        <test-method status="PASS" signature="afterClassMetod()[pri:0, instance:com.test.classes.PaymentTestCase@1412c2f]" name="afterClassMetod" is-config="true" duration-ms="1475" started-at="2020-07-14T00:58:13Z" finished-at="2020-07-14T00:58:15Z">
          <reporter-output>
          </reporter-output>
        </test-method> <!-- afterClassMetod -->
      </class> <!-- com.test.classes.PaymentTestCase -->
    </test> <!-- Default test -->
  </suite> <!-- Default suite -->
</testng-results>
